Analysis & Synthesis report for lab7challenge4
Sun Aug 08 12:05:32 2021
Quartus Prime Version 18.1.0 Build 625 09/12/2018 SJ Standard Edition


---------------------
; Table of Contents ;
---------------------
  1. Legal Notice
  2. Analysis & Synthesis Summary
  3. Analysis & Synthesis Settings
  4. Parallel Compilation
  5. Analysis & Synthesis Source Files Read
  6. Analysis & Synthesis Resource Usage Summary
  7. Analysis & Synthesis Resource Utilization by Entity
  8. State Machine - |lab7challenge4|reaction:react|state
  9. State Machine - |lab7challenge4|FSM:stat|state
 10. Registers Removed During Synthesis
 11. General Register Statistics
 12. Inverted Register Statistics
 13. Multiplexer Restructuring Statistics (Restructuring Performed)
 14. Parameter Settings for User Entity Instance: clktick:ms
 15. Parameter Settings for User Entity Instance: clktick:halfs
 16. Parameter Settings for User Entity Instance: delay:de
 17. Port Connectivity Checks: "scan_led_hex_disp:cyclone"
 18. Port Connectivity Checks: "bin2bcd_16:bcd"
 19. Port Connectivity Checks: "clktick:halfs"
 20. Port Connectivity Checks: "clktick:ms"
 21. Post-Synthesis Netlist Statistics for Top Partition
 22. Elapsed Time Per Partition
 23. Analysis & Synthesis Messages
 24. Analysis & Synthesis Suppressed Messages



----------------
; Legal Notice ;
----------------
Copyright (C) 2018  Intel Corporation. All rights reserved.
Your use of Intel Corporation's design tools, logic functions 
and other software and tools, and its AMPP partner logic 
functions, and any output files from any of the foregoing 
(including device programming or simulation files), and any 
associated documentation or information are expressly subject 
to the terms and conditions of the Intel Program License 
Subscription Agreement, the Intel Quartus Prime License Agreement,
the Intel FPGA IP License Agreement, or other applicable license
agreement, including, without limitation, that your use is for
the sole purpose of programming logic devices manufactured by
Intel and sold by Intel or its authorized distributors.  Please
refer to the applicable agreement for further details.



+--------------------------------------------------------------------------------------+
; Analysis & Synthesis Summary                                                         ;
+------------------------------------+-------------------------------------------------+
; Analysis & Synthesis Status        ; Successful - Sun Aug 08 12:05:32 2021           ;
; Quartus Prime Version              ; 18.1.0 Build 625 09/12/2018 SJ Standard Edition ;
; Revision Name                      ; lab7challenge4                                  ;
; Top-level Entity Name              ; lab7challenge4                                  ;
; Family                             ; Cyclone 10 LP                                   ;
; Total logic elements               ; 353                                             ;
;     Total combinational functions  ; 333                                             ;
;     Dedicated logic registers      ; 138                                             ;
; Total registers                    ; 138                                             ;
; Total pins                         ; 22                                              ;
; Total virtual pins                 ; 0                                               ;
; Total memory bits                  ; 0                                               ;
; Embedded Multiplier 9-bit elements ; 0                                               ;
; Total PLLs                         ; 0                                               ;
+------------------------------------+-------------------------------------------------+


+------------------------------------------------------------------------------------------------------------+
; Analysis & Synthesis Settings                                                                              ;
+------------------------------------------------------------------+--------------------+--------------------+
; Option                                                           ; Setting            ; Default Value      ;
+------------------------------------------------------------------+--------------------+--------------------+
; Device                                                           ; 10CL016YU256C8G    ;                    ;
; Top-level entity name                                            ; lab7challenge4     ; lab7challenge4     ;
; Family name                                                      ; Cyclone 10 LP      ; Cyclone V          ;
; Use smart compilation                                            ; Off                ; Off                ;
; Enable parallel Assembler and Timing Analyzer during compilation ; On                 ; On                 ;
; Enable compact report table                                      ; Off                ; Off                ;
; Restructure Multiplexers                                         ; Auto               ; Auto               ;
; Create Debugging Nodes for IP Cores                              ; Off                ; Off                ;
; Preserve fewer node names                                        ; On                 ; On                 ;
; Intel FPGA IP Evaluation Mode                                    ; Enable             ; Enable             ;
; Verilog Version                                                  ; Verilog_2001       ; Verilog_2001       ;
; VHDL Version                                                     ; VHDL_1993          ; VHDL_1993          ;
; State Machine Processing                                         ; Auto               ; Auto               ;
; Safe State Machine                                               ; Off                ; Off                ;
; Extract Verilog State Machines                                   ; On                 ; On                 ;
; Extract VHDL State Machines                                      ; On                 ; On                 ;
; Ignore Verilog initial constructs                                ; Off                ; Off                ;
; Iteration limit for constant Verilog loops                       ; 5000               ; 5000               ;
; Iteration limit for non-constant Verilog loops                   ; 250                ; 250                ;
; Add Pass-Through Logic to Inferred RAMs                          ; On                 ; On                 ;
; Infer RAMs from Raw Logic                                        ; On                 ; On                 ;
; Parallel Synthesis                                               ; On                 ; On                 ;
; DSP Block Balancing                                              ; Auto               ; Auto               ;
; NOT Gate Push-Back                                               ; On                 ; On                 ;
; Power-Up Don't Care                                              ; On                 ; On                 ;
; Remove Redundant Logic Cells                                     ; Off                ; Off                ;
; Remove Duplicate Registers                                       ; On                 ; On                 ;
; Ignore CARRY Buffers                                             ; Off                ; Off                ;
; Ignore CASCADE Buffers                                           ; Off                ; Off                ;
; Ignore GLOBAL Buffers                                            ; Off                ; Off                ;
; Ignore ROW GLOBAL Buffers                                        ; Off                ; Off                ;
; Ignore LCELL Buffers                                             ; Off                ; Off                ;
; Ignore SOFT Buffers                                              ; On                 ; On                 ;
; Limit AHDL Integers to 32 Bits                                   ; Off                ; Off                ;
; Optimization Technique                                           ; Balanced           ; Balanced           ;
; Carry Chain Length                                               ; 70                 ; 70                 ;
; Auto Carry Chains                                                ; On                 ; On                 ;
; Auto Open-Drain Pins                                             ; On                 ; On                 ;
; Perform WYSIWYG Primitive Resynthesis                            ; Off                ; Off                ;
; Auto ROM Replacement                                             ; On                 ; On                 ;
; Auto RAM Replacement                                             ; On                 ; On                 ;
; Auto DSP Block Replacement                                       ; On                 ; On                 ;
; Auto Shift Register Replacement                                  ; Auto               ; Auto               ;
; Allow Shift Register Merging across Hierarchies                  ; Auto               ; Auto               ;
; Auto Clock Enable Replacement                                    ; On                 ; On                 ;
; Strict RAM Replacement                                           ; Off                ; Off                ;
; Allow Synchronous Control Signals                                ; On                 ; On                 ;
; Force Use of Synchronous Clear Signals                           ; Off                ; Off                ;
; Auto RAM Block Balancing                                         ; On                 ; On                 ;
; Auto RAM to Logic Cell Conversion                                ; Off                ; Off                ;
; Auto Resource Sharing                                            ; Off                ; Off                ;
; Allow Any RAM Size For Recognition                               ; Off                ; Off                ;
; Allow Any ROM Size For Recognition                               ; Off                ; Off                ;
; Allow Any Shift Register Size For Recognition                    ; Off                ; Off                ;
; Use LogicLock Constraints during Resource Balancing              ; On                 ; On                 ;
; Ignore translate_off and synthesis_off directives                ; Off                ; Off                ;
; Timing-Driven Synthesis                                          ; On                 ; On                 ;
; Report Parameter Settings                                        ; On                 ; On                 ;
; Report Source Assignments                                        ; On                 ; On                 ;
; Report Connectivity Checks                                       ; On                 ; On                 ;
; Ignore Maximum Fan-Out Assignments                               ; Off                ; Off                ;
; Synchronization Register Chain Length                            ; 2                  ; 2                  ;
; Power Optimization During Synthesis                              ; Normal compilation ; Normal compilation ;
; HDL message level                                                ; Level2             ; Level2             ;
; Suppress Register Optimization Related Messages                  ; Off                ; Off                ;
; Number of Removed Registers Reported in Synthesis Report         ; 5000               ; 5000               ;
; Number of Swept Nodes Reported in Synthesis Report               ; 5000               ; 5000               ;
; Number of Inverted Registers Reported in Synthesis Report        ; 100                ; 100                ;
; Clock MUX Protection                                             ; On                 ; On                 ;
; Auto Gated Clock Conversion                                      ; Off                ; Off                ;
; Block Design Naming                                              ; Auto               ; Auto               ;
; SDC constraint protection                                        ; Off                ; Off                ;
; Synthesis Effort                                                 ; Auto               ; Auto               ;
; Shift Register Replacement - Allow Asynchronous Clear Signal     ; On                 ; On                 ;
; Pre-Mapping Resynthesis Optimization                             ; Off                ; Off                ;
; Analysis & Synthesis Message Level                               ; Medium             ; Medium             ;
; Disable Register Merging Across Hierarchies                      ; Auto               ; Auto               ;
; Resource Aware Inference For Block RAM                           ; On                 ; On                 ;
+------------------------------------------------------------------+--------------------+--------------------+


+------------------------------------------+
; Parallel Compilation                     ;
+----------------------------+-------------+
; Processors                 ; Number      ;
+----------------------------+-------------+
; Number detected on machine ; 12          ;
; Maximum allowed            ; 6           ;
;                            ;             ;
; Average used               ; 1.00        ;
; Maximum used               ; 6           ;
;                            ;             ;
; Usage by Processor         ; % Time Used ;
;     Processor 1            ; 100.0%      ;
;     Processors 2-6         ;   0.1%      ;
+----------------------------+-------------+


+--------------------------------------------------------------------------------------------------------------------------------------------------------------------------------------------------------------------------------------+
; Analysis & Synthesis Source Files Read                                                                                                                                                                                               ;
+---------------------------------------+-----------------+------------------------+-----------------------------------------------------------------------------------------------------------------------------------------+---------+
; File Name with User-Entered Path      ; Used in Netlist ; File Type              ; File Name with Absolute Path                                                                                                            ; Library ;
+---------------------------------------+-----------------+------------------------+-----------------------------------------------------------------------------------------------------------------------------------------+---------+
; ../../mylib/bin2bcd_16.v/bin2bcd_16.v ; yes             ; User Verilog HDL File  ; C:/Users/huang/OneDrive - Imperial College London/circuit and system/FPGA lab bakup/E2_circuit_system/mylib/bin2bcd_16.v/bin2bcd_16.v   ;         ;
; ../../mylib/clktick.v                 ; yes             ; User Verilog HDL File  ; C:/Users/huang/OneDrive - Imperial College London/circuit and system/FPGA lab bakup/E2_circuit_system/mylib/clktick.v                   ;         ;
; FSM.v                                 ; yes             ; User Verilog HDL File  ; C:/Users/huang/OneDrive - Imperial College London/circuit and system/FPGA lab bakup/E2_circuit_system/lab7/challenge 4/FSM.v            ;         ;
; Delay.v                               ; yes             ; User Verilog HDL File  ; C:/Users/huang/OneDrive - Imperial College London/circuit and system/FPGA lab bakup/E2_circuit_system/lab7/challenge 4/Delay.v          ;         ;
; LFSR_7.v                              ; yes             ; User Verilog HDL File  ; C:/Users/huang/OneDrive - Imperial College London/circuit and system/FPGA lab bakup/E2_circuit_system/lab7/challenge 4/LFSR_7.v         ;         ;
; reaction.v                            ; yes             ; User Verilog HDL File  ; C:/Users/huang/OneDrive - Imperial College London/circuit and system/FPGA lab bakup/E2_circuit_system/lab7/challenge 4/reaction.v       ;         ;
; lab7challenge4.v                      ; yes             ; User Verilog HDL File  ; C:/Users/huang/OneDrive - Imperial College London/circuit and system/FPGA lab bakup/E2_circuit_system/lab7/challenge 4/lab7challenge4.v ;         ;
; 7seg_cyclone.v                        ; yes             ; User Verilog HDL File  ; C:/Users/huang/OneDrive - Imperial College London/circuit and system/FPGA lab bakup/E2_circuit_system/lab7/challenge 4/7seg_cyclone.v   ;         ;
+---------------------------------------+-----------------+------------------------+-----------------------------------------------------------------------------------------------------------------------------------------+---------+


+---------------------------------------------------------------+
; Analysis & Synthesis Resource Usage Summary                   ;
+---------------------------------------------+-----------------+
; Resource                                    ; Usage           ;
+---------------------------------------------+-----------------+
; Estimated Total logic elements              ; 353             ;
;                                             ;                 ;
; Total combinational functions               ; 333             ;
; Logic element usage by number of LUT inputs ;                 ;
;     -- 4 input functions                    ; 187             ;
;     -- 3 input functions                    ; 22              ;
;     -- <=2 input functions                  ; 124             ;
;                                             ;                 ;
; Logic elements by mode                      ;                 ;
;     -- normal mode                          ; 259             ;
;     -- arithmetic mode                      ; 74              ;
;                                             ;                 ;
; Total registers                             ; 138             ;
;     -- Dedicated logic registers            ; 138             ;
;     -- I/O registers                        ; 0               ;
;                                             ;                 ;
; I/O pins                                    ; 22              ;
;                                             ;                 ;
; Embedded Multiplier 9-bit elements          ; 0               ;
;                                             ;                 ;
; Maximum fan-out node                        ; clktick:ms|tick ;
; Maximum fan-out                             ; 103             ;
; Total fan-out                               ; 1485            ;
; Average fan-out                             ; 2.88            ;
+---------------------------------------------+-----------------+


+------------------------------------------------------------------------------------------------------------------------------------------------------------------------------------------------------------------------------------------+
; Analysis & Synthesis Resource Utilization by Entity                                                                                                                                                                                      ;
+--------------------------------+---------------------+---------------------------+-------------+--------------+---------+-----------+------+--------------+-------------------------------------------+-------------------+--------------+
; Compilation Hierarchy Node     ; Combinational ALUTs ; Dedicated Logic Registers ; Memory Bits ; DSP Elements ; DSP 9x9 ; DSP 18x18 ; Pins ; Virtual Pins ; Full Hierarchy Name                       ; Entity Name       ; Library Name ;
+--------------------------------+---------------------+---------------------------+-------------+--------------+---------+-----------+------+--------------+-------------------------------------------+-------------------+--------------+
; |lab7challenge4                ; 333 (0)             ; 138 (0)                   ; 0           ; 0            ; 0       ; 0         ; 22   ; 0            ; |lab7challenge4                           ; lab7challenge4    ; work         ;
;    |FSM:stat|                  ; 40 (40)             ; 22 (22)                   ; 0           ; 0            ; 0       ; 0         ; 0    ; 0            ; |lab7challenge4|FSM:stat                  ; FSM               ; work         ;
;    |LFSR_16:comb_5|            ; 3 (3)               ; 14 (14)                   ; 0           ; 0            ; 0       ; 0         ; 0    ; 0            ; |lab7challenge4|LFSR_16:comb_5            ; LFSR_16           ; work         ;
;    |bin2bcd_16:bcd|            ; 133 (133)           ; 0 (0)                     ; 0           ; 0            ; 0       ; 0         ; 0    ; 0            ; |lab7challenge4|bin2bcd_16:bcd            ; bin2bcd_16        ; work         ;
;    |clktick:halfs|             ; 31 (31)             ; 17 (17)                   ; 0           ; 0            ; 0       ; 0         ; 0    ; 0            ; |lab7challenge4|clktick:halfs             ; clktick           ; work         ;
;    |clktick:ms|                ; 31 (31)             ; 17 (17)                   ; 0           ; 0            ; 0       ; 0         ; 0    ; 0            ; |lab7challenge4|clktick:ms                ; clktick           ; work         ;
;    |delay:de|                  ; 22 (22)             ; 16 (16)                   ; 0           ; 0            ; 0       ; 0         ; 0    ; 0            ; |lab7challenge4|delay:de                  ; delay             ; work         ;
;    |reaction:react|            ; 36 (36)             ; 34 (34)                   ; 0           ; 0            ; 0       ; 0         ; 0    ; 0            ; |lab7challenge4|reaction:react            ; reaction          ; work         ;
;    |scan_led_hex_disp:cyclone| ; 37 (37)             ; 18 (18)                   ; 0           ; 0            ; 0       ; 0         ; 0    ; 0            ; |lab7challenge4|scan_led_hex_disp:cyclone ; scan_led_hex_disp ; work         ;
+--------------------------------+---------------------+---------------------------+-------------+--------------+---------+-----------+------+--------------+-------------------------------------------+-------------------+--------------+
Note: For table entries with two numbers listed, the numbers in parentheses indicate the number of resources of the given type used by the specific entity alone. The numbers listed outside of parentheses indicate the total resources of the given type used by the specific entity and all of its sub-entities in the hierarchy.


Encoding Type:  One-Hot
+------------------------------------------------------+
; State Machine - |lab7challenge4|reaction:react|state ;
+-----------+-----------+-----------+------------------+
; Name      ; state.000 ; state.010 ; state.001        ;
+-----------+-----------+-----------+------------------+
; state.000 ; 0         ; 0         ; 0                ;
; state.001 ; 1         ; 0         ; 1                ;
; state.010 ; 1         ; 1         ; 0                ;
+-----------+-----------+-----------+------------------+


Encoding Type:  One-Hot
+-----------------------------------------------------------------------------------------------------------------------------------------------------------------------+
; State Machine - |lab7challenge4|FSM:stat|state                                                                                                                        ;
+-------------+-------------+-------------+-------------+-------------+-------------+-------------+-------------+-------------+-------------+-------------+-------------+
; Name        ; state.01010 ; state.01001 ; state.01000 ; state.00111 ; state.00110 ; state.00101 ; state.00100 ; state.00011 ; state.00010 ; state.00001 ; state.00000 ;
+-------------+-------------+-------------+-------------+-------------+-------------+-------------+-------------+-------------+-------------+-------------+-------------+
; state.00000 ; 0           ; 0           ; 0           ; 0           ; 0           ; 0           ; 0           ; 0           ; 0           ; 0           ; 0           ;
; state.00001 ; 0           ; 0           ; 0           ; 0           ; 0           ; 0           ; 0           ; 0           ; 0           ; 1           ; 1           ;
; state.00010 ; 0           ; 0           ; 0           ; 0           ; 0           ; 0           ; 0           ; 0           ; 1           ; 0           ; 1           ;
; state.00011 ; 0           ; 0           ; 0           ; 0           ; 0           ; 0           ; 0           ; 1           ; 0           ; 0           ; 1           ;
; state.00100 ; 0           ; 0           ; 0           ; 0           ; 0           ; 0           ; 1           ; 0           ; 0           ; 0           ; 1           ;
; state.00101 ; 0           ; 0           ; 0           ; 0           ; 0           ; 1           ; 0           ; 0           ; 0           ; 0           ; 1           ;
; state.00110 ; 0           ; 0           ; 0           ; 0           ; 1           ; 0           ; 0           ; 0           ; 0           ; 0           ; 1           ;
; state.00111 ; 0           ; 0           ; 0           ; 1           ; 0           ; 0           ; 0           ; 0           ; 0           ; 0           ; 1           ;
; state.01000 ; 0           ; 0           ; 1           ; 0           ; 0           ; 0           ; 0           ; 0           ; 0           ; 0           ; 1           ;
; state.01001 ; 0           ; 1           ; 0           ; 0           ; 0           ; 0           ; 0           ; 0           ; 0           ; 0           ; 1           ;
; state.01010 ; 1           ; 0           ; 0           ; 0           ; 0           ; 0           ; 0           ; 0           ; 0           ; 0           ; 1           ;
+-------------+-------------+-------------+-------------+-------------+-------------+-------------+-------------+-------------+-------------+-------------+-------------+


+------------------------------------------------------------+
; Registers Removed During Synthesis                         ;
+---------------------------------------+--------------------+
; Register name                         ; Reason for Removal ;
+---------------------------------------+--------------------+
; reaction:react|state~4                ; Lost fanout        ;
; FSM:stat|state~2                      ; Lost fanout        ;
; FSM:stat|state~3                      ; Lost fanout        ;
; FSM:stat|state~4                      ; Lost fanout        ;
; FSM:stat|state~5                      ; Lost fanout        ;
; FSM:stat|state~6                      ; Lost fanout        ;
; Total Number of Removed Registers = 6 ;                    ;
+---------------------------------------+--------------------+


+------------------------------------------------------+
; General Register Statistics                          ;
+----------------------------------------------+-------+
; Statistic                                    ; Value ;
+----------------------------------------------+-------+
; Total registers                              ; 138   ;
; Number of registers using Synchronous Clear  ; 16    ;
; Number of registers using Synchronous Load   ; 14    ;
; Number of registers using Asynchronous Clear ; 0     ;
; Number of registers using Asynchronous Load  ; 0     ;
; Number of registers using Clock Enable       ; 70    ;
; Number of registers using Preset             ; 0     ;
+----------------------------------------------+-------+


+--------------------------------------------------+
; Inverted Register Statistics                     ;
+----------------------------------------+---------+
; Inverted Register                      ; Fan out ;
+----------------------------------------+---------+
; LFSR_16:comb_5|sreg[1]                 ; 3       ;
; Total number of inverted registers = 1 ;         ;
+----------------------------------------+---------+


+-------------------------------------------------------------------------------------------------------------------------------------------------------+
; Multiplexer Restructuring Statistics (Restructuring Performed)                                                                                        ;
+--------------------+-----------+---------------+----------------------+------------------------+------------+-----------------------------------------+
; Multiplexer Inputs ; Bus Width ; Baseline Area ; Area if Restructured ; Saving if Restructured ; Registered ; Example Multiplexer Output              ;
+--------------------+-----------+---------------+----------------------+------------------------+------------+-----------------------------------------+
; 5:1                ; 16 bits   ; 48 LEs        ; 16 LEs               ; 32 LEs                 ; Yes        ; |lab7challenge4|reaction:react|final[8] ;
; 5:1                ; 15 bits   ; 45 LEs        ; 15 LEs               ; 30 LEs                 ; Yes        ; |lab7challenge4|reaction:react|diff[14] ;
+--------------------+-----------+---------------+----------------------+------------------------+------------+-----------------------------------------+


+---------------------------------------------------------+
; Parameter Settings for User Entity Instance: clktick:ms ;
+----------------+-------+--------------------------------+
; Parameter Name ; Value ; Type                           ;
+----------------+-------+--------------------------------+
; N_BIT          ; 16    ; Signed Integer                 ;
+----------------+-------+--------------------------------+
Note: In order to hide this table in the UI and the text report file, please set the "Show Parameter Settings in Synthesis Report" option in "Analysis and Synthesis Settings -> More Settings" to "Off".


+------------------------------------------------------------+
; Parameter Settings for User Entity Instance: clktick:halfs ;
+----------------+-------+-----------------------------------+
; Parameter Name ; Value ; Type                              ;
+----------------+-------+-----------------------------------+
; N_BIT          ; 16    ; Signed Integer                    ;
+----------------+-------+-----------------------------------+
Note: In order to hide this table in the UI and the text report file, please set the "Show Parameter Settings in Synthesis Report" option in "Analysis and Synthesis Settings -> More Settings" to "Off".


+-------------------------------------------------------+
; Parameter Settings for User Entity Instance: delay:de ;
+----------------+-------+------------------------------+
; Parameter Name ; Value ; Type                         ;
+----------------+-------+------------------------------+
; N_BIT          ; 14    ; Signed Integer               ;
+----------------+-------+------------------------------+
Note: In order to hide this table in the UI and the text report file, please set the "Show Parameter Settings in Synthesis Report" option in "Analysis and Synthesis Settings -> More Settings" to "Off".


+-------------------------------------------------------+
; Port Connectivity Checks: "scan_led_hex_disp:cyclone" ;
+-------+-------+----------+----------------------------+
; Port  ; Type  ; Severity ; Details                    ;
+-------+-------+----------+----------------------------+
; reset ; Input ; Info     ; Stuck at GND               ;
+-------+-------+----------+----------------------------+


+----------------------------------------------------------------------------------------------------------------+
; Port Connectivity Checks: "bin2bcd_16:bcd"                                                                     ;
+------+--------+----------+-------------------------------------------------------------------------------------+
; Port ; Type   ; Severity ; Details                                                                             ;
+------+--------+----------+-------------------------------------------------------------------------------------+
; BCD0 ; Output ; Info     ; Connected to dangling logic. Logic that only feeds a dangling port will be removed. ;
+------+--------+----------+-------------------------------------------------------------------------------------+


+--------------------------------------------+
; Port Connectivity Checks: "clktick:halfs"  ;
+----------+-------+----------+--------------+
; Port     ; Type  ; Severity ; Details      ;
+----------+-------+----------+--------------+
; N[8..4]  ; Input ; Info     ; Stuck at VCC ;
; N[15..9] ; Input ; Info     ; Stuck at GND ;
; N[1..0]  ; Input ; Info     ; Stuck at GND ;
; N[3]     ; Input ; Info     ; Stuck at GND ;
; N[2]     ; Input ; Info     ; Stuck at VCC ;
+----------+-------+----------+--------------+


+---------------------------------------------+
; Port Connectivity Checks: "clktick:ms"      ;
+-----------+-------+----------+--------------+
; Port      ; Type  ; Severity ; Details      ;
+-----------+-------+----------+--------------+
; N[15..14] ; Input ; Info     ; Stuck at VCC ;
; N[9..8]   ; Input ; Info     ; Stuck at VCC ;
; N[13..10] ; Input ; Info     ; Stuck at GND ;
; N[3..0]   ; Input ; Info     ; Stuck at GND ;
; N[7]      ; Input ; Info     ; Stuck at GND ;
; N[6]      ; Input ; Info     ; Stuck at VCC ;
; N[5]      ; Input ; Info     ; Stuck at GND ;
; N[4]      ; Input ; Info     ; Stuck at VCC ;
; enable    ; Input ; Info     ; Stuck at VCC ;
+-----------+-------+----------+--------------+


+-----------------------------------------------------+
; Post-Synthesis Netlist Statistics for Top Partition ;
+-----------------------+-----------------------------+
; Type                  ; Count                       ;
+-----------------------+-----------------------------+
; boundary_port         ; 22                          ;
; cycloneiii_ff         ; 138                         ;
;     ENA               ; 54                          ;
;     ENA SCLR          ; 16                          ;
;     SLD               ; 14                          ;
;     plain             ; 54                          ;
; cycloneiii_lcell_comb ; 335                         ;
;     arith             ; 74                          ;
;         2 data inputs ; 73                          ;
;         3 data inputs ; 1                           ;
;     normal            ; 261                         ;
;         1 data inputs ; 10                          ;
;         2 data inputs ; 43                          ;
;         3 data inputs ; 21                          ;
;         4 data inputs ; 187                         ;
;                       ;                             ;
; Max LUT depth         ; 18.00                       ;
; Average LUT depth     ; 6.67                        ;
+-----------------------+-----------------------------+


+-------------------------------+
; Elapsed Time Per Partition    ;
+----------------+--------------+
; Partition Name ; Elapsed Time ;
+----------------+--------------+
; Top            ; 00:00:03     ;
+----------------+--------------+


+-------------------------------+
; Analysis & Synthesis Messages ;
+-------------------------------+
Info: *******************************************************************
Info: Running Quartus Prime Analysis & Synthesis
    Info: Version 18.1.0 Build 625 09/12/2018 SJ Standard Edition
    Info: Processing started: Sun Aug 08 12:05:13 2021
Info: Command: quartus_map --read_settings_files=on --write_settings_files=off lab7challenge4 -c lab7challenge4
Warning (18236): Number of processors has not been specified which may cause overloading on shared machines.  Set the global assignment NUM_PARALLEL_PROCESSORS in your QSF to an appropriate value for best performance.
Info (20030): Parallel compilation is enabled and will use 6 of the 6 processors detected
Info (12021): Found 1 design units, including 1 entities, in source file /users/huang/onedrive - imperial college london/circuit and system/fpga lab bakup/e2_circuit_system/mylib/bin2bcd_16.v/bin2bcd_16.v
    Info (12023): Found entity 1: bin2bcd_16 File: C:/Users/huang/OneDrive - Imperial College London/circuit and system/FPGA lab bakup/E2_circuit_system/mylib/bin2bcd_16.v/bin2bcd_16.v Line: 14
Info (12021): Found 1 design units, including 1 entities, in source file /users/huang/onedrive - imperial college london/circuit and system/fpga lab bakup/e2_circuit_system/mylib/hex_to_7seg.v
    Info (12023): Found entity 1: hex_to_7seg File: C:/Users/huang/OneDrive - Imperial College London/circuit and system/FPGA lab bakup/E2_circuit_system/mylib/hex_to_7seg.v Line: 1
Info (12021): Found 1 design units, including 1 entities, in source file /users/huang/onedrive - imperial college london/circuit and system/fpga lab bakup/e2_circuit_system/mylib/clktick.v
    Info (12023): Found entity 1: clktick File: C:/Users/huang/OneDrive - Imperial College London/circuit and system/FPGA lab bakup/E2_circuit_system/mylib/clktick.v Line: 1
Info (12021): Found 1 design units, including 1 entities, in source file fsm.v
    Info (12023): Found entity 1: FSM File: C:/Users/huang/OneDrive - Imperial College London/circuit and system/FPGA lab bakup/E2_circuit_system/lab7/challenge 4/FSM.v Line: 219
Info (12021): Found 1 design units, including 1 entities, in source file delay.v
    Info (12023): Found entity 1: delay File: C:/Users/huang/OneDrive - Imperial College London/circuit and system/FPGA lab bakup/E2_circuit_system/lab7/challenge 4/Delay.v Line: 1
Info (12021): Found 1 design units, including 1 entities, in source file lfsr_7.v
    Info (12023): Found entity 1: LFSR_16 File: C:/Users/huang/OneDrive - Imperial College London/circuit and system/FPGA lab bakup/E2_circuit_system/lab7/challenge 4/LFSR_7.v Line: 1
Warning (10463): Verilog HDL Declaration warning at reaction.v(9): "final" is SystemVerilog-2005 keyword File: C:/Users/huang/OneDrive - Imperial College London/circuit and system/FPGA lab bakup/E2_circuit_system/lab7/challenge 4/reaction.v Line: 9
Info (12021): Found 1 design units, including 1 entities, in source file reaction.v
    Info (12023): Found entity 1: reaction File: C:/Users/huang/OneDrive - Imperial College London/circuit and system/FPGA lab bakup/E2_circuit_system/lab7/challenge 4/reaction.v Line: 1
Info (12021): Found 1 design units, including 1 entities, in source file lab7challenge4.v
    Info (12023): Found entity 1: lab7challenge4 File: C:/Users/huang/OneDrive - Imperial College London/circuit and system/FPGA lab bakup/E2_circuit_system/lab7/challenge 4/lab7challenge4.v Line: 1
Info (12021): Found 1 design units, including 1 entities, in source file 7seg_cyclone.v
    Info (12023): Found entity 1: scan_led_hex_disp File: C:/Users/huang/OneDrive - Imperial College London/circuit and system/FPGA lab bakup/E2_circuit_system/lab7/challenge 4/7seg_cyclone.v Line: 2
Critical Warning (10846): Verilog HDL Instantiation warning at lab7challenge4.v(24): instance has no name File: C:/Users/huang/OneDrive - Imperial College London/circuit and system/FPGA lab bakup/E2_circuit_system/lab7/challenge 4/lab7challenge4.v Line: 24
Info (12127): Elaborating entity "lab7challenge4" for the top level hierarchy
Info (12128): Elaborating entity "clktick" for hierarchy "clktick:ms" File: C:/Users/huang/OneDrive - Imperial College London/circuit and system/FPGA lab bakup/E2_circuit_system/lab7/challenge 4/lab7challenge4.v Line: 19
Info (12128): Elaborating entity "FSM" for hierarchy "FSM:stat" File: C:/Users/huang/OneDrive - Imperial College London/circuit and system/FPGA lab bakup/E2_circuit_system/lab7/challenge 4/lab7challenge4.v Line: 22
Info (12128): Elaborating entity "delay" for hierarchy "delay:de" File: C:/Users/huang/OneDrive - Imperial College London/circuit and system/FPGA lab bakup/E2_circuit_system/lab7/challenge 4/lab7challenge4.v Line: 23
Info (12128): Elaborating entity "LFSR_16" for hierarchy "LFSR_16:comb_5" File: C:/Users/huang/OneDrive - Imperial College London/circuit and system/FPGA lab bakup/E2_circuit_system/lab7/challenge 4/lab7challenge4.v Line: 24
Info (12128): Elaborating entity "reaction" for hierarchy "reaction:react" File: C:/Users/huang/OneDrive - Imperial College London/circuit and system/FPGA lab bakup/E2_circuit_system/lab7/challenge 4/lab7challenge4.v Line: 25
Info (12128): Elaborating entity "bin2bcd_16" for hierarchy "bin2bcd_16:bcd" File: C:/Users/huang/OneDrive - Imperial College London/circuit and system/FPGA lab bakup/E2_circuit_system/lab7/challenge 4/lab7challenge4.v Line: 26
Info (12128): Elaborating entity "scan_led_hex_disp" for hierarchy "scan_led_hex_disp:cyclone" File: C:/Users/huang/OneDrive - Imperial College London/circuit and system/FPGA lab bakup/E2_circuit_system/lab7/challenge 4/lab7challenge4.v Line: 27
Warning (10230): Verilog HDL assignment warning at 7seg_cyclone.v(22): truncated value with size 32 to match size of target (18) File: C:/Users/huang/OneDrive - Imperial College London/circuit and system/FPGA lab bakup/E2_circuit_system/lab7/challenge 4/7seg_cyclone.v Line: 22
Info (286030): Timing-Driven Synthesis is running
Info (17049): 6 registers lost all their fanouts during netlist optimizations.
Info (144001): Generated suppressed messages file C:/Users/huang/OneDrive - Imperial College London/circuit and system/FPGA lab bakup/E2_circuit_system/lab7/challenge 4/output_files/lab7challenge4.map.smsg
Info (16010): Generating hard_block partition "hard_block:auto_generated_inst"
    Info (16011): Adding 0 node(s), including 0 DDIO, 0 PLL, 0 transceiver and 0 LCELL
Info (21057): Implemented 377 device resources after synthesis - the final resource count might be different
    Info (21058): Implemented 3 input pins
    Info (21059): Implemented 19 output pins
    Info (21061): Implemented 355 logic cells
Info: Quartus Prime Analysis & Synthesis was successful. 0 errors, 4 warnings
    Info: Peak virtual memory: 4767 megabytes
    Info: Processing ended: Sun Aug 08 12:05:32 2021
    Info: Elapsed time: 00:00:19
    Info: Total CPU time (on all processors): 00:00:34


+------------------------------------------+
; Analysis & Synthesis Suppressed Messages ;
+------------------------------------------+
The suppressed messages can be found in C:/Users/huang/OneDrive - Imperial College London/circuit and system/FPGA lab bakup/E2_circuit_system/lab7/challenge 4/output_files/lab7challenge4.map.smsg.


