Analysis & Synthesis report for lab7challenge5
Sun Aug 01 13:40:36 2021
Quartus Prime Version 18.1.0 Build 625 09/12/2018 SJ Standard Edition


---------------------
; Table of Contents ;
---------------------
  1. Legal Notice
  2. Analysis & Synthesis Summary
  3. Analysis & Synthesis Settings
  4. Parallel Compilation
  5. Analysis & Synthesis Source Files Read
  6. Analysis & Synthesis Resource Usage Summary
  7. Analysis & Synthesis Resource Utilization by Entity
  8. Analysis & Synthesis RAM Summary
  9. Analysis & Synthesis IP Cores Summary
 10. State Machine - |lab7challenge5|processor2:echo|pulse_gen:PULSE|state
 11. State Machine - |lab7challenge5|spi2adc:SPI_ADC_INTERFACE|sr_state
 12. State Machine - |lab7challenge5|spi2dac:SPI_DAC_INTERFACE|sr_state
 13. Registers Removed During Synthesis
 14. Removed Registers Triggering Further Register Optimizations
 15. General Register Statistics
 16. Inverted Register Statistics
 17. Multiplexer Restructuring Statistics (Restructuring Performed)
 18. Source assignments for processor2:echo|RAM_2:comb_13|altsyncram:altsyncram_component|altsyncram_otp1:auto_generated
 19. Parameter Settings for User Entity Instance: clktick:GEN_10K
 20. Parameter Settings for User Entity Instance: spi2dac:SPI_DAC_INTERFACE
 21. Parameter Settings for User Entity Instance: spi2adc:SPI_ADC_INTERFACE
 22. Parameter Settings for User Entity Instance: processor2:echo
 23. Parameter Settings for User Entity Instance: processor2:echo|pulse_gen:PULSE
 24. Parameter Settings for User Entity Instance: processor2:echo|RAM_2:comb_13|altsyncram:altsyncram_component
 25. Parameter Settings for Inferred Entity Instance: lpm_mult:Mult0
 26. altsyncram Parameter Settings by Entity Instance
 27. lpm_mult Parameter Settings by Entity Instance
 28. Port Connectivity Checks: "bin2bcd_16:delay_sec"
 29. Port Connectivity Checks: "clktick:GEN_10K"
 30. Post-Synthesis Netlist Statistics for Top Partition
 31. Elapsed Time Per Partition
 32. Analysis & Synthesis Messages



----------------
; Legal Notice ;
----------------
Copyright (C) 2018  Intel Corporation. All rights reserved.
Your use of Intel Corporation's design tools, logic functions 
and other software and tools, and its AMPP partner logic 
functions, and any output files from any of the foregoing 
(including device programming or simulation files), and any 
associated documentation or information are expressly subject 
to the terms and conditions of the Intel Program License 
Subscription Agreement, the Intel Quartus Prime License Agreement,
the Intel FPGA IP License Agreement, or other applicable license
agreement, including, without limitation, that your use is for
the sole purpose of programming logic devices manufactured by
Intel and sold by Intel or its authorized distributors.  Please
refer to the applicable agreement for further details.



+--------------------------------------------------------------------------------------+
; Analysis & Synthesis Summary                                                         ;
+------------------------------------+-------------------------------------------------+
; Analysis & Synthesis Status        ; Successful - Sun Aug 01 13:40:36 2021           ;
; Quartus Prime Version              ; 18.1.0 Build 625 09/12/2018 SJ Standard Edition ;
; Revision Name                      ; lab7challenge5                                  ;
; Top-level Entity Name              ; lab7challenge5                                  ;
; Family                             ; MAX 10                                          ;
; Total logic elements               ; 275                                             ;
;     Total combinational functions  ; 252                                             ;
;     Dedicated logic registers      ; 107                                             ;
; Total registers                    ; 107                                             ;
; Total pins                         ; 38                                              ;
; Total virtual pins                 ; 0                                               ;
; Total memory bits                  ; 73,728                                          ;
; Embedded Multiplier 9-bit elements ; 0                                               ;
; Total PLLs                         ; 0                                               ;
; UFM blocks                         ; 0                                               ;
; ADC blocks                         ; 0                                               ;
+------------------------------------+-------------------------------------------------+


+------------------------------------------------------------------------------------------------------------+
; Analysis & Synthesis Settings                                                                              ;
+------------------------------------------------------------------+--------------------+--------------------+
; Option                                                           ; Setting            ; Default Value      ;
+------------------------------------------------------------------+--------------------+--------------------+
; Device                                                           ; 10M50DCF484C7G     ;                    ;
; Top-level entity name                                            ; lab7challenge5     ; lab7challenge5     ;
; Family name                                                      ; MAX 10             ; Cyclone V          ;
; Use smart compilation                                            ; Off                ; Off                ;
; Enable parallel Assembler and Timing Analyzer during compilation ; On                 ; On                 ;
; Enable compact report table                                      ; Off                ; Off                ;
; Restructure Multiplexers                                         ; Auto               ; Auto               ;
; Create Debugging Nodes for IP Cores                              ; Off                ; Off                ;
; Preserve fewer node names                                        ; On                 ; On                 ;
; Intel FPGA IP Evaluation Mode                                    ; Enable             ; Enable             ;
; Verilog Version                                                  ; Verilog_2001       ; Verilog_2001       ;
; VHDL Version                                                     ; VHDL_1993          ; VHDL_1993          ;
; State Machine Processing                                         ; Auto               ; Auto               ;
; Safe State Machine                                               ; Off                ; Off                ;
; Extract Verilog State Machines                                   ; On                 ; On                 ;
; Extract VHDL State Machines                                      ; On                 ; On                 ;
; Ignore Verilog initial constructs                                ; Off                ; Off                ;
; Iteration limit for constant Verilog loops                       ; 5000               ; 5000               ;
; Iteration limit for non-constant Verilog loops                   ; 250                ; 250                ;
; Add Pass-Through Logic to Inferred RAMs                          ; On                 ; On                 ;
; Infer RAMs from Raw Logic                                        ; On                 ; On                 ;
; Parallel Synthesis                                               ; On                 ; On                 ;
; DSP Block Balancing                                              ; Auto               ; Auto               ;
; NOT Gate Push-Back                                               ; On                 ; On                 ;
; Power-Up Don't Care                                              ; On                 ; On                 ;
; Remove Redundant Logic Cells                                     ; Off                ; Off                ;
; Remove Duplicate Registers                                       ; On                 ; On                 ;
; Ignore CARRY Buffers                                             ; Off                ; Off                ;
; Ignore CASCADE Buffers                                           ; Off                ; Off                ;
; Ignore GLOBAL Buffers                                            ; Off                ; Off                ;
; Ignore ROW GLOBAL Buffers                                        ; Off                ; Off                ;
; Ignore LCELL Buffers                                             ; Off                ; Off                ;
; Ignore SOFT Buffers                                              ; On                 ; On                 ;
; Limit AHDL Integers to 32 Bits                                   ; Off                ; Off                ;
; Optimization Technique                                           ; Balanced           ; Balanced           ;
; Carry Chain Length                                               ; 70                 ; 70                 ;
; Auto Carry Chains                                                ; On                 ; On                 ;
; Auto Open-Drain Pins                                             ; On                 ; On                 ;
; Perform WYSIWYG Primitive Resynthesis                            ; Off                ; Off                ;
; Auto ROM Replacement                                             ; On                 ; On                 ;
; Auto RAM Replacement                                             ; On                 ; On                 ;
; Auto DSP Block Replacement                                       ; On                 ; On                 ;
; Auto Shift Register Replacement                                  ; Auto               ; Auto               ;
; Allow Shift Register Merging across Hierarchies                  ; Auto               ; Auto               ;
; Auto Clock Enable Replacement                                    ; On                 ; On                 ;
; Strict RAM Replacement                                           ; Off                ; Off                ;
; Allow Synchronous Control Signals                                ; On                 ; On                 ;
; Force Use of Synchronous Clear Signals                           ; Off                ; Off                ;
; Auto RAM Block Balancing                                         ; On                 ; On                 ;
; Auto RAM to Logic Cell Conversion                                ; Off                ; Off                ;
; Auto Resource Sharing                                            ; Off                ; Off                ;
; Allow Any RAM Size For Recognition                               ; Off                ; Off                ;
; Allow Any ROM Size For Recognition                               ; Off                ; Off                ;
; Allow Any Shift Register Size For Recognition                    ; Off                ; Off                ;
; Use LogicLock Constraints during Resource Balancing              ; On                 ; On                 ;
; Ignore translate_off and synthesis_off directives                ; Off                ; Off                ;
; Timing-Driven Synthesis                                          ; On                 ; On                 ;
; Report Parameter Settings                                        ; On                 ; On                 ;
; Report Source Assignments                                        ; On                 ; On                 ;
; Report Connectivity Checks                                       ; On                 ; On                 ;
; Ignore Maximum Fan-Out Assignments                               ; Off                ; Off                ;
; Synchronization Register Chain Length                            ; 2                  ; 2                  ;
; Power Optimization During Synthesis                              ; Normal compilation ; Normal compilation ;
; HDL message level                                                ; Level2             ; Level2             ;
; Suppress Register Optimization Related Messages                  ; Off                ; Off                ;
; Number of Removed Registers Reported in Synthesis Report         ; 5000               ; 5000               ;
; Number of Swept Nodes Reported in Synthesis Report               ; 5000               ; 5000               ;
; Number of Inverted Registers Reported in Synthesis Report        ; 100                ; 100                ;
; Clock MUX Protection                                             ; On                 ; On                 ;
; Auto Gated Clock Conversion                                      ; Off                ; Off                ;
; Block Design Naming                                              ; Auto               ; Auto               ;
; SDC constraint protection                                        ; Off                ; Off                ;
; Synthesis Effort                                                 ; Auto               ; Auto               ;
; Shift Register Replacement - Allow Asynchronous Clear Signal     ; On                 ; On                 ;
; Pre-Mapping Resynthesis Optimization                             ; Off                ; Off                ;
; Analysis & Synthesis Message Level                               ; Medium             ; Medium             ;
; Disable Register Merging Across Hierarchies                      ; Auto               ; Auto               ;
; Resource Aware Inference For Block RAM                           ; On                 ; On                 ;
+------------------------------------------------------------------+--------------------+--------------------+


+------------------------------------------+
; Parallel Compilation                     ;
+----------------------------+-------------+
; Processors                 ; Number      ;
+----------------------------+-------------+
; Number detected on machine ; 12          ;
; Maximum allowed            ; 6           ;
;                            ;             ;
; Average used               ; 1.00        ;
; Maximum used               ; 6           ;
;                            ;             ;
; Usage by Processor         ; % Time Used ;
;     Processor 1            ; 100.0%      ;
;     Processors 2-6         ;   0.0%      ;
+----------------------------+-------------+


+--------------------------------------------------------------------------------------------------------------------------------------------------------------------------------------------------------------------------------------------------+
; Analysis & Synthesis Source Files Read                                                                                                                                                                                                           ;
+---------------------------------------+-----------------+------------------------------+-----------------------------------------------------------------------------------------------------------------------------------------------+---------+
; File Name with User-Entered Path      ; Used in Netlist ; File Type                    ; File Name with Absolute Path                                                                                                                  ; Library ;
+---------------------------------------+-----------------+------------------------------+-----------------------------------------------------------------------------------------------------------------------------------------------+---------+
; ../../mylib/bin2bcd_16.v/bin2bcd_16.v ; yes             ; User Verilog HDL File        ; C:/Users/huang/OneDrive - Imperial College London/circuit and system/FPGA lab bakup/E2_circuit_system/mylib/bin2bcd_16.v/bin2bcd_16.v         ;         ;
; ../../mylib/spi2adc.v/spi2adc.v       ; yes             ; User Verilog HDL File        ; C:/Users/huang/OneDrive - Imperial College London/circuit and system/FPGA lab bakup/E2_circuit_system/mylib/spi2adc.v/spi2adc.v               ;         ;
; ../../mylib/spi2dac.v/spi2dac.v       ; yes             ; User Verilog HDL File        ; C:/Users/huang/OneDrive - Imperial College London/circuit and system/FPGA lab bakup/E2_circuit_system/mylib/spi2dac.v/spi2dac.v               ;         ;
; ../../mylib/hex_to_7seg.v             ; yes             ; User Verilog HDL File        ; C:/Users/huang/OneDrive - Imperial College London/circuit and system/FPGA lab bakup/E2_circuit_system/mylib/hex_to_7seg.v                     ;         ;
; ../../mylib/clktick.v                 ; yes             ; User Verilog HDL File        ; C:/Users/huang/OneDrive - Imperial College London/circuit and system/FPGA lab bakup/E2_circuit_system/mylib/clktick.v                         ;         ;
; lab7challenge5.v                      ; yes             ; User Verilog HDL File        ; C:/Users/huang/OneDrive - Imperial College London/circuit and system/FPGA lab bakup/E2_circuit_system/lab7/challenge 5/lab7challenge5.v       ;         ;
; multiple_echo.v                       ; yes             ; User Verilog HDL File        ; C:/Users/huang/OneDrive - Imperial College London/circuit and system/FPGA lab bakup/E2_circuit_system/lab7/challenge 5/multiple_echo.v        ;         ;
; RAM_2.v                               ; yes             ; User Wizard-Generated File   ; C:/Users/huang/OneDrive - Imperial College London/circuit and system/FPGA lab bakup/E2_circuit_system/lab7/challenge 5/RAM_2.v                ;         ;
; address_gen.v                         ; yes             ; User Verilog HDL File        ; C:/Users/huang/OneDrive - Imperial College London/circuit and system/FPGA lab bakup/E2_circuit_system/lab7/challenge 5/address_gen.v          ;         ;
; ../../mylib/pulse_gen.v/pulse_gen.v   ; yes             ; User Verilog HDL File        ; C:/Users/huang/OneDrive - Imperial College London/circuit and system/FPGA lab bakup/E2_circuit_system/mylib/pulse_gen.v/pulse_gen.v           ;         ;
; altsyncram.tdf                        ; yes             ; Megafunction                 ; c:/intelfpga/18.1/quartus/libraries/megafunctions/altsyncram.tdf                                                                              ;         ;
; stratix_ram_block.inc                 ; yes             ; Megafunction                 ; c:/intelfpga/18.1/quartus/libraries/megafunctions/stratix_ram_block.inc                                                                       ;         ;
; lpm_mux.inc                           ; yes             ; Megafunction                 ; c:/intelfpga/18.1/quartus/libraries/megafunctions/lpm_mux.inc                                                                                 ;         ;
; lpm_decode.inc                        ; yes             ; Megafunction                 ; c:/intelfpga/18.1/quartus/libraries/megafunctions/lpm_decode.inc                                                                              ;         ;
; aglobal181.inc                        ; yes             ; Megafunction                 ; c:/intelfpga/18.1/quartus/libraries/megafunctions/aglobal181.inc                                                                              ;         ;
; a_rdenreg.inc                         ; yes             ; Megafunction                 ; c:/intelfpga/18.1/quartus/libraries/megafunctions/a_rdenreg.inc                                                                               ;         ;
; altrom.inc                            ; yes             ; Megafunction                 ; c:/intelfpga/18.1/quartus/libraries/megafunctions/altrom.inc                                                                                  ;         ;
; altram.inc                            ; yes             ; Megafunction                 ; c:/intelfpga/18.1/quartus/libraries/megafunctions/altram.inc                                                                                  ;         ;
; altdpram.inc                          ; yes             ; Megafunction                 ; c:/intelfpga/18.1/quartus/libraries/megafunctions/altdpram.inc                                                                                ;         ;
; db/altsyncram_otp1.tdf                ; yes             ; Auto-Generated Megafunction  ; C:/Users/huang/OneDrive - Imperial College London/circuit and system/FPGA lab bakup/E2_circuit_system/lab7/challenge 5/db/altsyncram_otp1.tdf ;         ;
; lpm_mult.tdf                          ; yes             ; Megafunction                 ; c:/intelfpga/18.1/quartus/libraries/megafunctions/lpm_mult.tdf                                                                                ;         ;
; lpm_add_sub.inc                       ; yes             ; Megafunction                 ; c:/intelfpga/18.1/quartus/libraries/megafunctions/lpm_add_sub.inc                                                                             ;         ;
; multcore.inc                          ; yes             ; Megafunction                 ; c:/intelfpga/18.1/quartus/libraries/megafunctions/multcore.inc                                                                                ;         ;
; bypassff.inc                          ; yes             ; Megafunction                 ; c:/intelfpga/18.1/quartus/libraries/megafunctions/bypassff.inc                                                                                ;         ;
; altshift.inc                          ; yes             ; Megafunction                 ; c:/intelfpga/18.1/quartus/libraries/megafunctions/altshift.inc                                                                                ;         ;
; multcore.tdf                          ; yes             ; Megafunction                 ; c:/intelfpga/18.1/quartus/libraries/megafunctions/multcore.tdf                                                                                ;         ;
; csa_add.inc                           ; yes             ; Megafunction                 ; c:/intelfpga/18.1/quartus/libraries/megafunctions/csa_add.inc                                                                                 ;         ;
; mpar_add.inc                          ; yes             ; Megafunction                 ; c:/intelfpga/18.1/quartus/libraries/megafunctions/mpar_add.inc                                                                                ;         ;
; muleabz.inc                           ; yes             ; Megafunction                 ; c:/intelfpga/18.1/quartus/libraries/megafunctions/muleabz.inc                                                                                 ;         ;
; mul_lfrg.inc                          ; yes             ; Megafunction                 ; c:/intelfpga/18.1/quartus/libraries/megafunctions/mul_lfrg.inc                                                                                ;         ;
; mul_boothc.inc                        ; yes             ; Megafunction                 ; c:/intelfpga/18.1/quartus/libraries/megafunctions/mul_boothc.inc                                                                              ;         ;
; alt_ded_mult.inc                      ; yes             ; Megafunction                 ; c:/intelfpga/18.1/quartus/libraries/megafunctions/alt_ded_mult.inc                                                                            ;         ;
; alt_ded_mult_y.inc                    ; yes             ; Megafunction                 ; c:/intelfpga/18.1/quartus/libraries/megafunctions/alt_ded_mult_y.inc                                                                          ;         ;
; dffpipe.inc                           ; yes             ; Megafunction                 ; c:/intelfpga/18.1/quartus/libraries/megafunctions/dffpipe.inc                                                                                 ;         ;
; mpar_add.tdf                          ; yes             ; Megafunction                 ; c:/intelfpga/18.1/quartus/libraries/megafunctions/mpar_add.tdf                                                                                ;         ;
; lpm_add_sub.tdf                       ; yes             ; Megafunction                 ; c:/intelfpga/18.1/quartus/libraries/megafunctions/lpm_add_sub.tdf                                                                             ;         ;
; addcore.inc                           ; yes             ; Megafunction                 ; c:/intelfpga/18.1/quartus/libraries/megafunctions/addcore.inc                                                                                 ;         ;
; look_add.inc                          ; yes             ; Megafunction                 ; c:/intelfpga/18.1/quartus/libraries/megafunctions/look_add.inc                                                                                ;         ;
; alt_stratix_add_sub.inc               ; yes             ; Megafunction                 ; c:/intelfpga/18.1/quartus/libraries/megafunctions/alt_stratix_add_sub.inc                                                                     ;         ;
; db/add_sub_drg.tdf                    ; yes             ; Auto-Generated Megafunction  ; C:/Users/huang/OneDrive - Imperial College London/circuit and system/FPGA lab bakup/E2_circuit_system/lab7/challenge 5/db/add_sub_drg.tdf     ;         ;
; db/add_sub_hrg.tdf                    ; yes             ; Auto-Generated Megafunction  ; C:/Users/huang/OneDrive - Imperial College London/circuit and system/FPGA lab bakup/E2_circuit_system/lab7/challenge 5/db/add_sub_hrg.tdf     ;         ;
; altshift.tdf                          ; yes             ; Megafunction                 ; c:/intelfpga/18.1/quartus/libraries/megafunctions/altshift.tdf                                                                                ;         ;
+---------------------------------------+-----------------+------------------------------+-----------------------------------------------------------------------------------------------------------------------------------------------+---------+


+-------------------------------------------------------------------+
; Analysis & Synthesis Resource Usage Summary                       ;
+---------------------------------------------+---------------------+
; Resource                                    ; Usage               ;
+---------------------------------------------+---------------------+
; Estimated Total logic elements              ; 275                 ;
;                                             ;                     ;
; Total combinational functions               ; 252                 ;
; Logic element usage by number of LUT inputs ;                     ;
;     -- 4 input functions                    ; 111                 ;
;     -- 3 input functions                    ; 63                  ;
;     -- <=2 input functions                  ; 78                  ;
;                                             ;                     ;
; Logic elements by mode                      ;                     ;
;     -- normal mode                          ; 172                 ;
;     -- arithmetic mode                      ; 80                  ;
;                                             ;                     ;
; Total registers                             ; 107                 ;
;     -- Dedicated logic registers            ; 107                 ;
;     -- I/O registers                        ; 0                   ;
;                                             ;                     ;
; I/O pins                                    ; 38                  ;
; Total memory bits                           ; 73728               ;
;                                             ;                     ;
; Embedded Multiplier 9-bit elements          ; 0                   ;
;                                             ;                     ;
; Maximum fan-out node                        ; MAX10_CLK1_50~input ;
; Maximum fan-out                             ; 84                  ;
; Total fan-out                               ; 1342                ;
; Average fan-out                             ; 3.02                ;
+---------------------------------------------+---------------------+


+-------------------------------------------------------------------------------------------------------------------------------------------------------------------------------------------------------------------------------------------------------------------------------------------------------------------------------------------------------------------------------+
; Analysis & Synthesis Resource Utilization by Entity                                                                                                                                                                                                                                                                                                                           ;
+------------------------------------------------+---------------------+---------------------------+-------------+------------+--------------+---------+-----------+------+--------------+------------+----------------------------------------------------------------------------------------------------------------------------------------+-----------------+--------------+
; Compilation Hierarchy Node                     ; Combinational ALUTs ; Dedicated Logic Registers ; Memory Bits ; UFM Blocks ; DSP Elements ; DSP 9x9 ; DSP 18x18 ; Pins ; Virtual Pins ; ADC blocks ; Full Hierarchy Name                                                                                                                    ; Entity Name     ; Library Name ;
+------------------------------------------------+---------------------+---------------------------+-------------+------------+--------------+---------+-----------+------+--------------+------------+----------------------------------------------------------------------------------------------------------------------------------------+-----------------+--------------+
; |lab7challenge5                                ; 252 (0)             ; 107 (0)                   ; 73728       ; 0          ; 0            ; 0       ; 0         ; 38   ; 0            ; 0          ; |lab7challenge5                                                                                                                        ; lab7challenge5  ; work         ;
;    |bin2bcd_16:delay_sec|                      ; 50 (50)             ; 0 (0)                     ; 0           ; 0          ; 0            ; 0       ; 0         ; 0    ; 0            ; 0          ; |lab7challenge5|bin2bcd_16:delay_sec                                                                                                   ; bin2bcd_16      ; work         ;
;    |clktick:GEN_10K|                           ; 32 (32)             ; 17 (17)                   ; 0           ; 0          ; 0            ; 0       ; 0         ; 0    ; 0            ; 0          ; |lab7challenge5|clktick:GEN_10K                                                                                                        ; clktick         ; work         ;
;    |hex_to_7seg:SEG0|                          ; 7 (7)               ; 0 (0)                     ; 0           ; 0          ; 0            ; 0       ; 0         ; 0    ; 0            ; 0          ; |lab7challenge5|hex_to_7seg:SEG0                                                                                                       ; hex_to_7seg     ; work         ;
;    |hex_to_7seg:SEG1|                          ; 7 (7)               ; 0 (0)                     ; 0           ; 0          ; 0            ; 0       ; 0         ; 0    ; 0            ; 0          ; |lab7challenge5|hex_to_7seg:SEG1                                                                                                       ; hex_to_7seg     ; work         ;
;    |hex_to_7seg:SEG2|                          ; 7 (7)               ; 0 (0)                     ; 0           ; 0          ; 0            ; 0       ; 0         ; 0    ; 0            ; 0          ; |lab7challenge5|hex_to_7seg:SEG2                                                                                                       ; hex_to_7seg     ; work         ;
;    |lpm_mult:Mult0|                            ; 44 (0)              ; 0 (0)                     ; 0           ; 0          ; 0            ; 0       ; 0         ; 0    ; 0            ; 0          ; |lab7challenge5|lpm_mult:Mult0                                                                                                         ; lpm_mult        ; work         ;
;       |multcore:mult_core|                     ; 44 (18)             ; 0 (0)                     ; 0           ; 0          ; 0            ; 0       ; 0         ; 0    ; 0            ; 0          ; |lab7challenge5|lpm_mult:Mult0|multcore:mult_core                                                                                      ; multcore        ; work         ;
;          |mpar_add:padder|                     ; 26 (0)              ; 0 (0)                     ; 0           ; 0          ; 0            ; 0       ; 0         ; 0    ; 0            ; 0          ; |lab7challenge5|lpm_mult:Mult0|multcore:mult_core|mpar_add:padder                                                                      ; mpar_add        ; work         ;
;             |lpm_add_sub:adder[0]|             ; 14 (0)              ; 0 (0)                     ; 0           ; 0          ; 0            ; 0       ; 0         ; 0    ; 0            ; 0          ; |lab7challenge5|lpm_mult:Mult0|multcore:mult_core|mpar_add:padder|lpm_add_sub:adder[0]                                                 ; lpm_add_sub     ; work         ;
;                |add_sub_drg:auto_generated|    ; 14 (14)             ; 0 (0)                     ; 0           ; 0          ; 0            ; 0       ; 0         ; 0    ; 0            ; 0          ; |lab7challenge5|lpm_mult:Mult0|multcore:mult_core|mpar_add:padder|lpm_add_sub:adder[0]|add_sub_drg:auto_generated                      ; add_sub_drg     ; work         ;
;             |mpar_add:sub_par_add|             ; 12 (0)              ; 0 (0)                     ; 0           ; 0          ; 0            ; 0       ; 0         ; 0    ; 0            ; 0          ; |lab7challenge5|lpm_mult:Mult0|multcore:mult_core|mpar_add:padder|mpar_add:sub_par_add                                                 ; mpar_add        ; work         ;
;                |lpm_add_sub:adder[0]|          ; 12 (0)              ; 0 (0)                     ; 0           ; 0          ; 0            ; 0       ; 0         ; 0    ; 0            ; 0          ; |lab7challenge5|lpm_mult:Mult0|multcore:mult_core|mpar_add:padder|mpar_add:sub_par_add|lpm_add_sub:adder[0]                            ; lpm_add_sub     ; work         ;
;                   |add_sub_hrg:auto_generated| ; 12 (12)             ; 0 (0)                     ; 0           ; 0          ; 0            ; 0       ; 0         ; 0    ; 0            ; 0          ; |lab7challenge5|lpm_mult:Mult0|multcore:mult_core|mpar_add:padder|mpar_add:sub_par_add|lpm_add_sub:adder[0]|add_sub_hrg:auto_generated ; add_sub_hrg     ; work         ;
;    |processor2:echo|                           ; 37 (21)             ; 26 (10)                   ; 73728       ; 0          ; 0            ; 0       ; 0         ; 0    ; 0            ; 0          ; |lab7challenge5|processor2:echo                                                                                                        ; processor2      ; work         ;
;       |RAM_2:comb_13|                          ; 1 (0)               ; 1 (0)                     ; 73728       ; 0          ; 0            ; 0       ; 0         ; 0    ; 0            ; 0          ; |lab7challenge5|processor2:echo|RAM_2:comb_13                                                                                          ; RAM_2           ; work         ;
;          |altsyncram:altsyncram_component|     ; 1 (0)               ; 1 (0)                     ; 73728       ; 0          ; 0            ; 0       ; 0         ; 0    ; 0            ; 0          ; |lab7challenge5|processor2:echo|RAM_2:comb_13|altsyncram:altsyncram_component                                                          ; altsyncram      ; work         ;
;             |altsyncram_otp1:auto_generated|   ; 1 (1)               ; 1 (1)                     ; 73728       ; 0          ; 0            ; 0       ; 0         ; 0    ; 0            ; 0          ; |lab7challenge5|processor2:echo|RAM_2:comb_13|altsyncram:altsyncram_component|altsyncram_otp1:auto_generated                           ; altsyncram_otp1 ; work         ;
;       |address_gen:gen|                        ; 13 (13)             ; 13 (13)                   ; 0           ; 0          ; 0            ; 0       ; 0         ; 0    ; 0            ; 0          ; |lab7challenge5|processor2:echo|address_gen:gen                                                                                        ; address_gen     ; work         ;
;       |pulse_gen:PULSE|                        ; 2 (2)               ; 2 (2)                     ; 0           ; 0          ; 0            ; 0       ; 0         ; 0    ; 0            ; 0          ; |lab7challenge5|processor2:echo|pulse_gen:PULSE                                                                                        ; pulse_gen       ; work         ;
;    |spi2adc:SPI_ADC_INTERFACE|                 ; 31 (31)             ; 41 (41)                   ; 0           ; 0          ; 0            ; 0       ; 0         ; 0    ; 0            ; 0          ; |lab7challenge5|spi2adc:SPI_ADC_INTERFACE                                                                                              ; spi2adc         ; work         ;
;    |spi2dac:SPI_DAC_INTERFACE|                 ; 37 (37)             ; 23 (23)                   ; 0           ; 0          ; 0            ; 0       ; 0         ; 0    ; 0            ; 0          ; |lab7challenge5|spi2dac:SPI_DAC_INTERFACE                                                                                              ; spi2dac         ; work         ;
+------------------------------------------------+---------------------+---------------------------+-------------+------------+--------------+---------+-----------+------+--------------+------------+----------------------------------------------------------------------------------------------------------------------------------------+-----------------+--------------+
Note: For table entries with two numbers listed, the numbers in parentheses indicate the number of resources of the given type used by the specific entity alone. The numbers listed outside of parentheses indicate the total resources of the given type used by the specific entity and all of its sub-entities in the hierarchy.


+--------------------------------------------------------------------------------------------------------------------------------------------------------------------------------------------------------------+
; Analysis & Synthesis RAM Summary                                                                                                                                                                             ;
+---------------------------------------------------------------------------------------------------------+------+------------------+--------------+--------------+--------------+--------------+-------+------+
; Name                                                                                                    ; Type ; Mode             ; Port A Depth ; Port A Width ; Port B Depth ; Port B Width ; Size  ; MIF  ;
+---------------------------------------------------------------------------------------------------------+------+------------------+--------------+--------------+--------------+--------------+-------+------+
; processor2:echo|RAM_2:comb_13|altsyncram:altsyncram_component|altsyncram_otp1:auto_generated|ALTSYNCRAM ; AUTO ; Simple Dual Port ; 8192         ; 9            ; 8192         ; 9            ; 73728 ; None ;
+---------------------------------------------------------------------------------------------------------+------+------------------+--------------+--------------+--------------+--------------+-------+------+


+---------------------------------------------------------------------------------------------------------------------------------+
; Analysis & Synthesis IP Cores Summary                                                                                           ;
+--------+--------------+---------+--------------+--------------+-----------------------------------------------+-----------------+
; Vendor ; IP Core Name ; Version ; Release Date ; License Type ; Entity Instance                               ; IP Include File ;
+--------+--------------+---------+--------------+--------------+-----------------------------------------------+-----------------+
; Altera ; RAM: 2-PORT  ; 18.1    ; N/A          ; N/A          ; |lab7challenge5|processor2:echo|RAM_2:comb_13 ; RAM_2.v         ;
+--------+--------------+---------+--------------+--------------+-----------------------------------------------+-----------------+


Encoding Type:  One-Hot
+-----------------------------------------------------------------------+
; State Machine - |lab7challenge5|processor2:echo|pulse_gen:PULSE|state ;
+----------------+------------+----------------+------------------------+
; Name           ; state.IDLE ; state.WAIT_LOW ; state.IN_HIGH          ;
+----------------+------------+----------------+------------------------+
; state.IDLE     ; 0          ; 0              ; 0                      ;
; state.IN_HIGH  ; 1          ; 0              ; 1                      ;
; state.WAIT_LOW ; 1          ; 1              ; 0                      ;
+----------------+------------+----------------+------------------------+


Encoding Type:  One-Hot
+------------------------------------------------------------------------------------------+
; State Machine - |lab7challenge5|spi2adc:SPI_ADC_INTERFACE|sr_state                       ;
+------------------------+---------------+------------------------+------------------------+
; Name                   ; sr_state.IDLE ; sr_state.WAIT_CSB_HIGH ; sr_state.WAIT_CSB_FALL ;
+------------------------+---------------+------------------------+------------------------+
; sr_state.IDLE          ; 0             ; 0                      ; 0                      ;
; sr_state.WAIT_CSB_FALL ; 1             ; 0                      ; 1                      ;
; sr_state.WAIT_CSB_HIGH ; 1             ; 1                      ; 0                      ;
+------------------------+---------------+------------------------+------------------------+


Encoding Type:  One-Hot
+------------------------------------------------------------------------------------------+
; State Machine - |lab7challenge5|spi2dac:SPI_DAC_INTERFACE|sr_state                       ;
+------------------------+---------------+------------------------+------------------------+
; Name                   ; sr_state.IDLE ; sr_state.WAIT_CSB_HIGH ; sr_state.WAIT_CSB_FALL ;
+------------------------+---------------+------------------------+------------------------+
; sr_state.IDLE          ; 0             ; 0                      ; 0                      ;
; sr_state.WAIT_CSB_FALL ; 1             ; 0                      ; 1                      ;
; sr_state.WAIT_CSB_HIGH ; 1             ; 1                      ; 0                      ;
+------------------------+---------------+------------------------+------------------------+


+-----------------------------------------------------------------------------------------------+
; Registers Removed During Synthesis                                                            ;
+------------------------------------------------+----------------------------------------------+
; Register name                                  ; Reason for Removal                           ;
+------------------------------------------------+----------------------------------------------+
; spi2dac:SPI_DAC_INTERFACE|shift_reg[0,1]       ; Stuck at GND due to stuck port data_in       ;
; spi2dac:SPI_DAC_INTERFACE|ctr[4]               ; Merged with spi2adc:SPI_ADC_INTERFACE|ctr[4] ;
; spi2dac:SPI_DAC_INTERFACE|ctr[3]               ; Merged with spi2adc:SPI_ADC_INTERFACE|ctr[3] ;
; spi2dac:SPI_DAC_INTERFACE|ctr[2]               ; Merged with spi2adc:SPI_ADC_INTERFACE|ctr[2] ;
; spi2dac:SPI_DAC_INTERFACE|ctr[1]               ; Merged with spi2adc:SPI_ADC_INTERFACE|ctr[1] ;
; spi2dac:SPI_DAC_INTERFACE|ctr[0]               ; Merged with spi2adc:SPI_ADC_INTERFACE|ctr[0] ;
; processor2:echo|pulse_gen:PULSE|state.IN_HIGH  ; Lost fanout                                  ;
; processor2:echo|pulse_gen:PULSE|state.WAIT_LOW ; Lost fanout                                  ;
; Total Number of Removed Registers = 9          ;                                              ;
+------------------------------------------------+----------------------------------------------+


+-------------------------------------------------------------------------------------------------------------+
; Removed Registers Triggering Further Register Optimizations                                                 ;
+----------------------------------------+---------------------------+----------------------------------------+
; Register name                          ; Reason for Removal        ; Registers Removed due to This Register ;
+----------------------------------------+---------------------------+----------------------------------------+
; spi2dac:SPI_DAC_INTERFACE|shift_reg[0] ; Stuck at GND              ; spi2dac:SPI_DAC_INTERFACE|shift_reg[1] ;
;                                        ; due to stuck port data_in ;                                        ;
+----------------------------------------+---------------------------+----------------------------------------+


+------------------------------------------------------+
; General Register Statistics                          ;
+----------------------------------------------+-------+
; Statistic                                    ; Value ;
+----------------------------------------------+-------+
; Total registers                              ; 107   ;
; Number of registers using Synchronous Clear  ; 0     ;
; Number of registers using Synchronous Load   ; 0     ;
; Number of registers using Asynchronous Clear ; 0     ;
; Number of registers using Asynchronous Load  ; 0     ;
; Number of registers using Clock Enable       ; 42    ;
; Number of registers using Preset             ; 0     ;
+----------------------------------------------+-------+


+--------------------------------------------------+
; Inverted Register Statistics                     ;
+----------------------------------------+---------+
; Inverted Register                      ; Fan out ;
+----------------------------------------+---------+
; spi2adc:SPI_ADC_INTERFACE|adc_cs       ; 22      ;
; Total number of inverted registers = 1 ;         ;
+----------------------------------------+---------+


+-------------------------------------------------------------------------------------------------------------------------------------------------------------------+
; Multiplexer Restructuring Statistics (Restructuring Performed)                                                                                                    ;
+--------------------+-----------+---------------+----------------------+------------------------+------------+-----------------------------------------------------+
; Multiplexer Inputs ; Bus Width ; Baseline Area ; Area if Restructured ; Saving if Restructured ; Registered ; Example Multiplexer Output                          ;
+--------------------+-----------+---------------+----------------------+------------------------+------------+-----------------------------------------------------+
; 6:1                ; 3 bits    ; 12 LEs        ; 6 LEs                ; 6 LEs                  ; No         ; |lab7challenge5|spi2dac:SPI_DAC_INTERFACE|Selector2 ;
+--------------------+-----------+---------------+----------------------+------------------------+------------+-----------------------------------------------------+


+---------------------------------------------------------------------------------------------------------------------+
; Source assignments for processor2:echo|RAM_2:comb_13|altsyncram:altsyncram_component|altsyncram_otp1:auto_generated ;
+---------------------------------+--------------------+------+-------------------------------------------------------+
; Assignment                      ; Value              ; From ; To                                                    ;
+---------------------------------+--------------------+------+-------------------------------------------------------+
; OPTIMIZE_POWER_DURING_SYNTHESIS ; NORMAL_COMPILATION ; -    ; -                                                     ;
+---------------------------------+--------------------+------+-------------------------------------------------------+


+--------------------------------------------------------------+
; Parameter Settings for User Entity Instance: clktick:GEN_10K ;
+----------------+-------+-------------------------------------+
; Parameter Name ; Value ; Type                                ;
+----------------+-------+-------------------------------------+
; N_BIT          ; 16    ; Signed Integer                      ;
+----------------+-------+-------------------------------------+
Note: In order to hide this table in the UI and the text report file, please set the "Show Parameter Settings in Synthesis Report" option in "Analysis and Synthesis Settings -> More Settings" to "Off".


+------------------------------------------------------------------------+
; Parameter Settings for User Entity Instance: spi2dac:SPI_DAC_INTERFACE ;
+----------------+-------+-----------------------------------------------+
; Parameter Name ; Value ; Type                                          ;
+----------------+-------+-----------------------------------------------+
; BUF            ; 1     ; Unsigned Binary                               ;
; GA_N           ; 1     ; Unsigned Binary                               ;
; SHDN_N         ; 1     ; Unsigned Binary                               ;
; TC             ; 11000 ; Unsigned Binary                               ;
; IDLE           ; 00    ; Unsigned Binary                               ;
; WAIT_CSB_FALL  ; 01    ; Unsigned Binary                               ;
; WAIT_CSB_HIGH  ; 10    ; Unsigned Binary                               ;
+----------------+-------+-----------------------------------------------+
Note: In order to hide this table in the UI and the text report file, please set the "Show Parameter Settings in Synthesis Report" option in "Analysis and Synthesis Settings -> More Settings" to "Off".


+------------------------------------------------------------------------+
; Parameter Settings for User Entity Instance: spi2adc:SPI_ADC_INTERFACE ;
+----------------+-------+-----------------------------------------------+
; Parameter Name ; Value ; Type                                          ;
+----------------+-------+-----------------------------------------------+
; TERMINAL_CNT   ; 11000 ; Unsigned Binary                               ;
; IDLE           ; 00    ; Unsigned Binary                               ;
; WAIT_CSB_FALL  ; 01    ; Unsigned Binary                               ;
; WAIT_CSB_HIGH  ; 10    ; Unsigned Binary                               ;
+----------------+-------+-----------------------------------------------+
Note: In order to hide this table in the UI and the text report file, please set the "Show Parameter Settings in Synthesis Report" option in "Analysis and Synthesis Settings -> More Settings" to "Off".


+--------------------------------------------------------------+
; Parameter Settings for User Entity Instance: processor2:echo ;
+----------------+------------+--------------------------------+
; Parameter Name ; Value      ; Type                           ;
+----------------+------------+--------------------------------+
; ADC_OFFSET     ; 1000000000 ; Unsigned Binary                ;
; DAC_OFFSET     ; 1000000000 ; Unsigned Binary                ;
; first          ; 0          ; Unsigned Binary                ;
; next           ; 1          ; Unsigned Binary                ;
+----------------+------------+--------------------------------+
Note: In order to hide this table in the UI and the text report file, please set the "Show Parameter Settings in Synthesis Report" option in "Analysis and Synthesis Settings -> More Settings" to "Off".


+------------------------------------------------------------------------------+
; Parameter Settings for User Entity Instance: processor2:echo|pulse_gen:PULSE ;
+----------------+-------+-----------------------------------------------------+
; Parameter Name ; Value ; Type                                                ;
+----------------+-------+-----------------------------------------------------+
; IDLE           ; 00    ; Unsigned Binary                                     ;
; IN_HIGH        ; 01    ; Unsigned Binary                                     ;
; WAIT_LOW       ; 10    ; Unsigned Binary                                     ;
+----------------+-------+-----------------------------------------------------+
Note: In order to hide this table in the UI and the text report file, please set the "Show Parameter Settings in Synthesis Report" option in "Analysis and Synthesis Settings -> More Settings" to "Off".


+------------------------------------------------------------------------------------------------------------+
; Parameter Settings for User Entity Instance: processor2:echo|RAM_2:comb_13|altsyncram:altsyncram_component ;
+------------------------------------+----------------------+------------------------------------------------+
; Parameter Name                     ; Value                ; Type                                           ;
+------------------------------------+----------------------+------------------------------------------------+
; BYTE_SIZE_BLOCK                    ; 8                    ; Untyped                                        ;
; AUTO_CARRY_CHAINS                  ; ON                   ; AUTO_CARRY                                     ;
; IGNORE_CARRY_BUFFERS               ; OFF                  ; IGNORE_CARRY                                   ;
; AUTO_CASCADE_CHAINS                ; ON                   ; AUTO_CASCADE                                   ;
; IGNORE_CASCADE_BUFFERS             ; OFF                  ; IGNORE_CASCADE                                 ;
; WIDTH_BYTEENA                      ; 1                    ; Untyped                                        ;
; OPERATION_MODE                     ; DUAL_PORT            ; Untyped                                        ;
; WIDTH_A                            ; 9                    ; Signed Integer                                 ;
; WIDTHAD_A                          ; 13                   ; Signed Integer                                 ;
; NUMWORDS_A                         ; 8192                 ; Signed Integer                                 ;
; OUTDATA_REG_A                      ; UNREGISTERED         ; Untyped                                        ;
; ADDRESS_ACLR_A                     ; NONE                 ; Untyped                                        ;
; OUTDATA_ACLR_A                     ; NONE                 ; Untyped                                        ;
; WRCONTROL_ACLR_A                   ; NONE                 ; Untyped                                        ;
; INDATA_ACLR_A                      ; NONE                 ; Untyped                                        ;
; BYTEENA_ACLR_A                     ; NONE                 ; Untyped                                        ;
; WIDTH_B                            ; 9                    ; Signed Integer                                 ;
; WIDTHAD_B                          ; 13                   ; Signed Integer                                 ;
; NUMWORDS_B                         ; 8192                 ; Signed Integer                                 ;
; INDATA_REG_B                       ; CLOCK1               ; Untyped                                        ;
; WRCONTROL_WRADDRESS_REG_B          ; CLOCK1               ; Untyped                                        ;
; RDCONTROL_REG_B                    ; CLOCK0               ; Untyped                                        ;
; ADDRESS_REG_B                      ; CLOCK0               ; Untyped                                        ;
; OUTDATA_REG_B                      ; CLOCK0               ; Untyped                                        ;
; BYTEENA_REG_B                      ; CLOCK1               ; Untyped                                        ;
; INDATA_ACLR_B                      ; NONE                 ; Untyped                                        ;
; WRCONTROL_ACLR_B                   ; NONE                 ; Untyped                                        ;
; ADDRESS_ACLR_B                     ; NONE                 ; Untyped                                        ;
; OUTDATA_ACLR_B                     ; NONE                 ; Untyped                                        ;
; RDCONTROL_ACLR_B                   ; NONE                 ; Untyped                                        ;
; BYTEENA_ACLR_B                     ; NONE                 ; Untyped                                        ;
; WIDTH_BYTEENA_A                    ; 1                    ; Signed Integer                                 ;
; WIDTH_BYTEENA_B                    ; 1                    ; Untyped                                        ;
; RAM_BLOCK_TYPE                     ; AUTO                 ; Untyped                                        ;
; BYTE_SIZE                          ; 8                    ; Untyped                                        ;
; READ_DURING_WRITE_MODE_MIXED_PORTS ; DONT_CARE            ; Untyped                                        ;
; READ_DURING_WRITE_MODE_PORT_A      ; NEW_DATA_NO_NBE_READ ; Untyped                                        ;
; READ_DURING_WRITE_MODE_PORT_B      ; NEW_DATA_NO_NBE_READ ; Untyped                                        ;
; INIT_FILE                          ; UNUSED               ; Untyped                                        ;
; INIT_FILE_LAYOUT                   ; PORT_A               ; Untyped                                        ;
; MAXIMUM_DEPTH                      ; 0                    ; Untyped                                        ;
; CLOCK_ENABLE_INPUT_A               ; BYPASS               ; Untyped                                        ;
; CLOCK_ENABLE_INPUT_B               ; BYPASS               ; Untyped                                        ;
; CLOCK_ENABLE_OUTPUT_A              ; NORMAL               ; Untyped                                        ;
; CLOCK_ENABLE_OUTPUT_B              ; BYPASS               ; Untyped                                        ;
; CLOCK_ENABLE_CORE_A                ; USE_INPUT_CLKEN      ; Untyped                                        ;
; CLOCK_ENABLE_CORE_B                ; USE_INPUT_CLKEN      ; Untyped                                        ;
; ENABLE_ECC                         ; FALSE                ; Untyped                                        ;
; ECC_PIPELINE_STAGE_ENABLED         ; FALSE                ; Untyped                                        ;
; WIDTH_ECCSTATUS                    ; 3                    ; Untyped                                        ;
; DEVICE_FAMILY                      ; MAX 10               ; Untyped                                        ;
; CBXI_PARAMETER                     ; altsyncram_otp1      ; Untyped                                        ;
+------------------------------------+----------------------+------------------------------------------------+
Note: In order to hide this table in the UI and the text report file, please set the "Show Parameter Settings in Synthesis Report" option in "Analysis and Synthesis Settings -> More Settings" to "Off".


+---------------------------------------------------------------------------------+
; Parameter Settings for Inferred Entity Instance: lpm_mult:Mult0                 ;
+------------------------------------------------+----------+---------------------+
; Parameter Name                                 ; Value    ; Type                ;
+------------------------------------------------+----------+---------------------+
; AUTO_CARRY_CHAINS                              ; ON       ; AUTO_CARRY          ;
; IGNORE_CARRY_BUFFERS                           ; OFF      ; IGNORE_CARRY        ;
; AUTO_CASCADE_CHAINS                            ; ON       ; AUTO_CASCADE        ;
; IGNORE_CASCADE_BUFFERS                         ; OFF      ; IGNORE_CASCADE      ;
; LPM_WIDTHA                                     ; 10       ; Untyped             ;
; LPM_WIDTHB                                     ; 10       ; Untyped             ;
; LPM_WIDTHP                                     ; 20       ; Untyped             ;
; LPM_WIDTHR                                     ; 20       ; Untyped             ;
; LPM_WIDTHS                                     ; 1        ; Untyped             ;
; LPM_REPRESENTATION                             ; UNSIGNED ; Untyped             ;
; LPM_PIPELINE                                   ; 0        ; Untyped             ;
; LATENCY                                        ; 0        ; Untyped             ;
; INPUT_A_IS_CONSTANT                            ; NO       ; Untyped             ;
; INPUT_B_IS_CONSTANT                            ; YES      ; Untyped             ;
; USE_EAB                                        ; OFF      ; Untyped             ;
; MAXIMIZE_SPEED                                 ; 6        ; Untyped             ;
; DEVICE_FAMILY                                  ; MAX 10   ; Untyped             ;
; CARRY_CHAIN                                    ; MANUAL   ; Untyped             ;
; APEX20K_TECHNOLOGY_MAPPER                      ; LUT      ; TECH_MAPPER_APEX20K ;
; DEDICATED_MULTIPLIER_CIRCUITRY                 ; AUTO     ; Untyped             ;
; DEDICATED_MULTIPLIER_MIN_INPUT_WIDTH_FOR_AUTO  ; 0        ; Untyped             ;
; DEDICATED_MULTIPLIER_MIN_OUTPUT_WIDTH_FOR_AUTO ; 0        ; Untyped             ;
; CBXI_PARAMETER                                 ; NOTHING  ; Untyped             ;
; INPUT_A_FIXED_VALUE                            ; Bx       ; Untyped             ;
; INPUT_B_FIXED_VALUE                            ; Bx       ; Untyped             ;
; USE_AHDL_IMPLEMENTATION                        ; OFF      ; Untyped             ;
+------------------------------------------------+----------+---------------------+
Note: In order to hide this table in the UI and the text report file, please set the "Show Parameter Settings in Synthesis Report" option in "Analysis and Synthesis Settings -> More Settings" to "Off".


+-----------------------------------------------------------------------------------------------------------+
; altsyncram Parameter Settings by Entity Instance                                                          ;
+-------------------------------------------+---------------------------------------------------------------+
; Name                                      ; Value                                                         ;
+-------------------------------------------+---------------------------------------------------------------+
; Number of entity instances                ; 1                                                             ;
; Entity Instance                           ; processor2:echo|RAM_2:comb_13|altsyncram:altsyncram_component ;
;     -- OPERATION_MODE                     ; DUAL_PORT                                                     ;
;     -- WIDTH_A                            ; 9                                                             ;
;     -- NUMWORDS_A                         ; 8192                                                          ;
;     -- OUTDATA_REG_A                      ; UNREGISTERED                                                  ;
;     -- WIDTH_B                            ; 9                                                             ;
;     -- NUMWORDS_B                         ; 8192                                                          ;
;     -- ADDRESS_REG_B                      ; CLOCK0                                                        ;
;     -- OUTDATA_REG_B                      ; CLOCK0                                                        ;
;     -- RAM_BLOCK_TYPE                     ; AUTO                                                          ;
;     -- READ_DURING_WRITE_MODE_MIXED_PORTS ; DONT_CARE                                                     ;
+-------------------------------------------+---------------------------------------------------------------+


+--------------------------------------------------------+
; lpm_mult Parameter Settings by Entity Instance         ;
+---------------------------------------+----------------+
; Name                                  ; Value          ;
+---------------------------------------+----------------+
; Number of entity instances            ; 1              ;
; Entity Instance                       ; lpm_mult:Mult0 ;
;     -- LPM_WIDTHA                     ; 10             ;
;     -- LPM_WIDTHB                     ; 10             ;
;     -- LPM_WIDTHP                     ; 20             ;
;     -- LPM_REPRESENTATION             ; UNSIGNED       ;
;     -- INPUT_A_IS_CONSTANT            ; NO             ;
;     -- INPUT_B_IS_CONSTANT            ; YES            ;
;     -- USE_EAB                        ; OFF            ;
;     -- DEDICATED_MULTIPLIER_CIRCUITRY ; AUTO           ;
;     -- INPUT_A_FIXED_VALUE            ; Bx             ;
;     -- INPUT_B_FIXED_VALUE            ; Bx             ;
+---------------------------------------+----------------+


+--------------------------------------------------------------------------------------------------------------------------------------------------------------------------+
; Port Connectivity Checks: "bin2bcd_16:delay_sec"                                                                                                                         ;
+------+--------+----------+-----------------------------------------------------------------------------------------------------------------------------------------------+
; Port ; Type   ; Severity ; Details                                                                                                                                       ;
+------+--------+----------+-----------------------------------------------------------------------------------------------------------------------------------------------+
; x    ; Input  ; Warning  ; Input port expression (10 bits) is smaller than the input port (16 bits) it drives.  Extra input bit(s) "x[15..10]" will be connected to GND. ;
; BCD3 ; Output ; Info     ; Connected to dangling logic. Logic that only feeds a dangling port will be removed.                                                           ;
; BCD4 ; Output ; Warning  ; Declared by entity but not connected by instance. Logic that only feeds a dangling port will be removed.                                      ;
+------+--------+----------+-----------------------------------------------------------------------------------------------------------------------------------------------+


+---------------------------------------------+
; Port Connectivity Checks: "clktick:GEN_10K" ;
+-----------+-------+----------+--------------+
; Port      ; Type  ; Severity ; Details      ;
+-----------+-------+----------+--------------+
; N[9..7]   ; Input ; Info     ; Stuck at VCC ;
; N[15..13] ; Input ; Info     ; Stuck at GND ;
; N[11..10] ; Input ; Info     ; Stuck at GND ;
; N[6..4]   ; Input ; Info     ; Stuck at GND ;
; N[2..0]   ; Input ; Info     ; Stuck at GND ;
; N[12]     ; Input ; Info     ; Stuck at VCC ;
; N[3]      ; Input ; Info     ; Stuck at VCC ;
; enable    ; Input ; Info     ; Stuck at VCC ;
+-----------+-------+----------+--------------+


+-----------------------------------------------------+
; Post-Synthesis Netlist Statistics for Top Partition ;
+-----------------------+-----------------------------+
; Type                  ; Count                       ;
+-----------------------+-----------------------------+
; boundary_port         ; 38                          ;
; cycloneiii_ff         ; 107                         ;
;     ENA               ; 42                          ;
;     plain             ; 65                          ;
; cycloneiii_lcell_comb ; 260                         ;
;     arith             ; 80                          ;
;         2 data inputs ; 40                          ;
;         3 data inputs ; 40                          ;
;     normal            ; 180                         ;
;         1 data inputs ; 18                          ;
;         2 data inputs ; 28                          ;
;         3 data inputs ; 23                          ;
;         4 data inputs ; 111                         ;
; cycloneiii_ram_block  ; 9                           ;
;                       ;                             ;
; Max LUT depth         ; 13.50                       ;
; Average LUT depth     ; 5.46                        ;
+-----------------------+-----------------------------+


+-------------------------------+
; Elapsed Time Per Partition    ;
+----------------+--------------+
; Partition Name ; Elapsed Time ;
+----------------+--------------+
; Top            ; 00:00:03     ;
+----------------+--------------+


+-------------------------------+
; Analysis & Synthesis Messages ;
+-------------------------------+
Info: *******************************************************************
Info: Running Quartus Prime Analysis & Synthesis
    Info: Version 18.1.0 Build 625 09/12/2018 SJ Standard Edition
    Info: Processing started: Sun Aug 01 13:40:16 2021
Info: Command: quartus_map --read_settings_files=on --write_settings_files=off lab7challenge5 -c lab7challenge5
Warning (18236): Number of processors has not been specified which may cause overloading on shared machines.  Set the global assignment NUM_PARALLEL_PROCESSORS in your QSF to an appropriate value for best performance.
Info (20030): Parallel compilation is enabled and will use 6 of the 6 processors detected
Info (12021): Found 1 design units, including 1 entities, in source file /users/huang/onedrive - imperial college london/circuit and system/fpga lab bakup/e2_circuit_system/mylib/bin2bcd_16.v/bin2bcd_16.v
    Info (12023): Found entity 1: bin2bcd_16 File: C:/Users/huang/OneDrive - Imperial College London/circuit and system/FPGA lab bakup/E2_circuit_system/mylib/bin2bcd_16.v/bin2bcd_16.v Line: 14
Info (12021): Found 1 design units, including 1 entities, in source file /users/huang/onedrive - imperial college london/circuit and system/fpga lab bakup/e2_circuit_system/mylib/spi2adc.v/spi2adc.v
    Info (12023): Found entity 1: spi2adc File: C:/Users/huang/OneDrive - Imperial College London/circuit and system/FPGA lab bakup/E2_circuit_system/mylib/spi2adc.v/spi2adc.v Line: 9
Info (12021): Found 1 design units, including 1 entities, in source file /users/huang/onedrive - imperial college london/circuit and system/fpga lab bakup/e2_circuit_system/mylib/spi2dac.v/spi2dac.v
    Info (12023): Found entity 1: spi2dac File: C:/Users/huang/OneDrive - Imperial College London/circuit and system/FPGA lab bakup/E2_circuit_system/mylib/spi2dac.v/spi2dac.v Line: 9
Info (12021): Found 1 design units, including 1 entities, in source file /users/huang/onedrive - imperial college london/circuit and system/fpga lab bakup/e2_circuit_system/mylib/hex_to_7seg.v
    Info (12023): Found entity 1: hex_to_7seg File: C:/Users/huang/OneDrive - Imperial College London/circuit and system/FPGA lab bakup/E2_circuit_system/mylib/hex_to_7seg.v Line: 1
Info (12021): Found 1 design units, including 1 entities, in source file /users/huang/onedrive - imperial college london/circuit and system/fpga lab bakup/e2_circuit_system/mylib/clktick.v
    Info (12023): Found entity 1: clktick File: C:/Users/huang/OneDrive - Imperial College London/circuit and system/FPGA lab bakup/E2_circuit_system/mylib/clktick.v Line: 1
Info (12021): Found 1 design units, including 1 entities, in source file lab7challenge5.v
    Info (12023): Found entity 1: lab7challenge5 File: C:/Users/huang/OneDrive - Imperial College London/circuit and system/FPGA lab bakup/E2_circuit_system/lab7/challenge 5/lab7challenge5.v Line: 8
Info (12021): Found 1 design units, including 1 entities, in source file multiple_echo.v
    Info (12023): Found entity 1: processor2 File: C:/Users/huang/OneDrive - Imperial College London/circuit and system/FPGA lab bakup/E2_circuit_system/lab7/challenge 5/multiple_echo.v Line: 9
Info (12021): Found 1 design units, including 1 entities, in source file ram_2.v
    Info (12023): Found entity 1: RAM_2 File: C:/Users/huang/OneDrive - Imperial College London/circuit and system/FPGA lab bakup/E2_circuit_system/lab7/challenge 5/RAM_2.v Line: 39
Info (12021): Found 1 design units, including 1 entities, in source file address_gen.v
    Info (12023): Found entity 1: address_gen File: C:/Users/huang/OneDrive - Imperial College London/circuit and system/FPGA lab bakup/E2_circuit_system/lab7/challenge 5/address_gen.v Line: 1
Info (12021): Found 1 design units, including 1 entities, in source file /users/huang/onedrive - imperial college london/circuit and system/fpga lab bakup/e2_circuit_system/mylib/pulse_gen.v/pulse_gen.v
    Info (12023): Found entity 1: pulse_gen File: C:/Users/huang/OneDrive - Imperial College London/circuit and system/FPGA lab bakup/E2_circuit_system/mylib/pulse_gen.v/pulse_gen.v Line: 9
Critical Warning (10846): Verilog HDL Instantiation warning at multiple_echo.v(30): instance has no name File: C:/Users/huang/OneDrive - Imperial College London/circuit and system/FPGA lab bakup/E2_circuit_system/lab7/challenge 5/multiple_echo.v Line: 30
Info (12127): Elaborating entity "lab7challenge5" for the top level hierarchy
Info (12128): Elaborating entity "clktick" for hierarchy "clktick:GEN_10K" File: C:/Users/huang/OneDrive - Imperial College London/circuit and system/FPGA lab bakup/E2_circuit_system/lab7/challenge 5/lab7challenge5.v Line: 33
Info (12128): Elaborating entity "spi2dac" for hierarchy "spi2dac:SPI_DAC_INTERFACE" File: C:/Users/huang/OneDrive - Imperial College London/circuit and system/FPGA lab bakup/E2_circuit_system/lab7/challenge 5/lab7challenge5.v Line: 36
Info (12128): Elaborating entity "spi2adc" for hierarchy "spi2adc:SPI_ADC_INTERFACE" File: C:/Users/huang/OneDrive - Imperial College London/circuit and system/FPGA lab bakup/E2_circuit_system/lab7/challenge 5/lab7challenge5.v Line: 44
Warning (10230): Verilog HDL assignment warning at spi2adc.v(131): truncated value with size 12 to match size of target (10) File: C:/Users/huang/OneDrive - Imperial College London/circuit and system/FPGA lab bakup/E2_circuit_system/mylib/spi2adc.v/spi2adc.v Line: 131
Info (12128): Elaborating entity "processor2" for hierarchy "processor2:echo" File: C:/Users/huang/OneDrive - Imperial College London/circuit and system/FPGA lab bakup/E2_circuit_system/lab7/challenge 5/lab7challenge5.v Line: 46
Info (12128): Elaborating entity "pulse_gen" for hierarchy "processor2:echo|pulse_gen:PULSE" File: C:/Users/huang/OneDrive - Imperial College London/circuit and system/FPGA lab bakup/E2_circuit_system/lab7/challenge 5/multiple_echo.v Line: 28
Info (12128): Elaborating entity "address_gen" for hierarchy "processor2:echo|address_gen:gen" File: C:/Users/huang/OneDrive - Imperial College London/circuit and system/FPGA lab bakup/E2_circuit_system/lab7/challenge 5/multiple_echo.v Line: 29
Info (12128): Elaborating entity "RAM_2" for hierarchy "processor2:echo|RAM_2:comb_13" File: C:/Users/huang/OneDrive - Imperial College London/circuit and system/FPGA lab bakup/E2_circuit_system/lab7/challenge 5/multiple_echo.v Line: 30
Info (12128): Elaborating entity "altsyncram" for hierarchy "processor2:echo|RAM_2:comb_13|altsyncram:altsyncram_component" File: C:/Users/huang/OneDrive - Imperial College London/circuit and system/FPGA lab bakup/E2_circuit_system/lab7/challenge 5/RAM_2.v Line: 91
Info (12130): Elaborated megafunction instantiation "processor2:echo|RAM_2:comb_13|altsyncram:altsyncram_component" File: C:/Users/huang/OneDrive - Imperial College London/circuit and system/FPGA lab bakup/E2_circuit_system/lab7/challenge 5/RAM_2.v Line: 91
Info (12133): Instantiated megafunction "processor2:echo|RAM_2:comb_13|altsyncram:altsyncram_component" with the following parameter: File: C:/Users/huang/OneDrive - Imperial College London/circuit and system/FPGA lab bakup/E2_circuit_system/lab7/challenge 5/RAM_2.v Line: 91
    Info (12134): Parameter "address_aclr_b" = "NONE"
    Info (12134): Parameter "address_reg_b" = "CLOCK0"
    Info (12134): Parameter "clock_enable_input_a" = "BYPASS"
    Info (12134): Parameter "clock_enable_input_b" = "BYPASS"
    Info (12134): Parameter "clock_enable_output_b" = "BYPASS"
    Info (12134): Parameter "intended_device_family" = "MAX 10"
    Info (12134): Parameter "lpm_type" = "altsyncram"
    Info (12134): Parameter "numwords_a" = "8192"
    Info (12134): Parameter "numwords_b" = "8192"
    Info (12134): Parameter "operation_mode" = "DUAL_PORT"
    Info (12134): Parameter "outdata_aclr_b" = "NONE"
    Info (12134): Parameter "outdata_reg_b" = "CLOCK0"
    Info (12134): Parameter "power_up_uninitialized" = "FALSE"
    Info (12134): Parameter "rdcontrol_reg_b" = "CLOCK0"
    Info (12134): Parameter "read_during_write_mode_mixed_ports" = "DONT_CARE"
    Info (12134): Parameter "widthad_a" = "13"
    Info (12134): Parameter "widthad_b" = "13"
    Info (12134): Parameter "width_a" = "9"
    Info (12134): Parameter "width_b" = "9"
    Info (12134): Parameter "width_byteena_a" = "1"
Info (12021): Found 1 design units, including 1 entities, in source file db/altsyncram_otp1.tdf
    Info (12023): Found entity 1: altsyncram_otp1 File: C:/Users/huang/OneDrive - Imperial College London/circuit and system/FPGA lab bakup/E2_circuit_system/lab7/challenge 5/db/altsyncram_otp1.tdf Line: 27
Info (12128): Elaborating entity "altsyncram_otp1" for hierarchy "processor2:echo|RAM_2:comb_13|altsyncram:altsyncram_component|altsyncram_otp1:auto_generated" File: c:/intelfpga/18.1/quartus/libraries/megafunctions/altsyncram.tdf Line: 791
Info (12128): Elaborating entity "bin2bcd_16" for hierarchy "bin2bcd_16:delay_sec" File: C:/Users/huang/OneDrive - Imperial College London/circuit and system/FPGA lab bakup/E2_circuit_system/lab7/challenge 5/lab7challenge5.v Line: 48
Info (12128): Elaborating entity "hex_to_7seg" for hierarchy "hex_to_7seg:SEG0" File: C:/Users/huang/OneDrive - Imperial College London/circuit and system/FPGA lab bakup/E2_circuit_system/lab7/challenge 5/lab7challenge5.v Line: 49
Info (278001): Inferred 1 megafunctions from design logic
    Info (278003): Inferred multiplier megafunction ("lpm_mult") from the following logic: "Mult0" File: C:/Users/huang/OneDrive - Imperial College London/circuit and system/FPGA lab bakup/E2_circuit_system/lab7/challenge 5/lab7challenge5.v Line: 47
Info (12130): Elaborated megafunction instantiation "lpm_mult:Mult0" File: C:/Users/huang/OneDrive - Imperial College London/circuit and system/FPGA lab bakup/E2_circuit_system/lab7/challenge 5/lab7challenge5.v Line: 47
Info (12133): Instantiated megafunction "lpm_mult:Mult0" with the following parameter: File: C:/Users/huang/OneDrive - Imperial College London/circuit and system/FPGA lab bakup/E2_circuit_system/lab7/challenge 5/lab7challenge5.v Line: 47
    Info (12134): Parameter "LPM_WIDTHA" = "10"
    Info (12134): Parameter "LPM_WIDTHB" = "10"
    Info (12134): Parameter "LPM_WIDTHP" = "20"
    Info (12134): Parameter "LPM_WIDTHR" = "20"
    Info (12134): Parameter "LPM_WIDTHS" = "1"
    Info (12134): Parameter "LPM_REPRESENTATION" = "UNSIGNED"
    Info (12134): Parameter "INPUT_A_IS_CONSTANT" = "NO"
    Info (12134): Parameter "INPUT_B_IS_CONSTANT" = "YES"
    Info (12134): Parameter "MAXIMIZE_SPEED" = "6"
Info (12131): Elaborated megafunction instantiation "lpm_mult:Mult0|multcore:mult_core", which is child of megafunction instantiation "lpm_mult:Mult0" File: c:/intelfpga/18.1/quartus/libraries/megafunctions/lpm_mult.tdf Line: 308
Info (12131): Elaborated megafunction instantiation "lpm_mult:Mult0|multcore:mult_core|mpar_add:padder", which is child of megafunction instantiation "lpm_mult:Mult0" File: c:/intelfpga/18.1/quartus/libraries/megafunctions/multcore.tdf Line: 228
Info (12131): Elaborated megafunction instantiation "lpm_mult:Mult0|multcore:mult_core|mpar_add:padder|lpm_add_sub:adder[0]", which is child of megafunction instantiation "lpm_mult:Mult0" File: c:/intelfpga/18.1/quartus/libraries/megafunctions/mpar_add.tdf Line: 78
Info (12021): Found 1 design units, including 1 entities, in source file db/add_sub_drg.tdf
    Info (12023): Found entity 1: add_sub_drg File: C:/Users/huang/OneDrive - Imperial College London/circuit and system/FPGA lab bakup/E2_circuit_system/lab7/challenge 5/db/add_sub_drg.tdf Line: 22
Info (12131): Elaborated megafunction instantiation "lpm_mult:Mult0|multcore:mult_core|mpar_add:padder|mpar_add:sub_par_add", which is child of megafunction instantiation "lpm_mult:Mult0" File: c:/intelfpga/18.1/quartus/libraries/megafunctions/mpar_add.tdf Line: 138
Info (12131): Elaborated megafunction instantiation "lpm_mult:Mult0|multcore:mult_core|mpar_add:padder|mpar_add:sub_par_add|lpm_add_sub:adder[0]", which is child of megafunction instantiation "lpm_mult:Mult0" File: c:/intelfpga/18.1/quartus/libraries/megafunctions/mpar_add.tdf Line: 78
Info (12021): Found 1 design units, including 1 entities, in source file db/add_sub_hrg.tdf
    Info (12023): Found entity 1: add_sub_hrg File: C:/Users/huang/OneDrive - Imperial College London/circuit and system/FPGA lab bakup/E2_circuit_system/lab7/challenge 5/db/add_sub_hrg.tdf Line: 22
Info (12131): Elaborated megafunction instantiation "lpm_mult:Mult0|altshift:external_latency_ffs", which is child of megafunction instantiation "lpm_mult:Mult0" File: c:/intelfpga/18.1/quartus/libraries/megafunctions/lpm_mult.tdf Line: 351
Warning (12241): 1 hierarchies have connectivity warnings - see the Connectivity Checks report folder
Info (286030): Timing-Driven Synthesis is running
Info (17049): 2 registers lost all their fanouts during netlist optimizations.
Info (16010): Generating hard_block partition "hard_block:auto_generated_inst"
    Info (16011): Adding 0 node(s), including 0 DDIO, 0 PLL, 0 transceiver and 0 LCELL
Info (21057): Implemented 331 device resources after synthesis - the final resource count might be different
    Info (21058): Implemented 12 input pins
    Info (21059): Implemented 26 output pins
    Info (21061): Implemented 284 logic cells
    Info (21064): Implemented 9 RAM segments
Info: Quartus Prime Analysis & Synthesis was successful. 0 errors, 4 warnings
    Info: Peak virtual memory: 4801 megabytes
    Info: Processing ended: Sun Aug 01 13:40:36 2021
    Info: Elapsed time: 00:00:20
    Info: Total CPU time (on all processors): 00:00:33


