Analysis & Synthesis report for lab7task1
Mon Dec 07 11:32:34 2020
Quartus Prime Version 18.1.0 Build 625 09/12/2018 SJ Standard Edition


---------------------
; Table of Contents ;
---------------------
  1. Legal Notice
  2. Analysis & Synthesis Summary
  3. Analysis & Synthesis Settings
  4. Parallel Compilation
  5. Analysis & Synthesis Source Files Read
  6. Analysis & Synthesis Resource Usage Summary
  7. Analysis & Synthesis Resource Utilization by Entity
  8. State Machine - |lab7task1|spi2dac:dac|sr_state
  9. Registers Removed During Synthesis
 10. Removed Registers Triggering Further Register Optimizations
 11. General Register Statistics
 12. Inverted Register Statistics
 13. Multiplexer Restructuring Statistics (Restructuring Performed)
 14. Parameter Settings for User Entity Instance: clktick:GEN_10K
 15. Parameter Settings for User Entity Instance: spi2dac:dac
 16. Port Connectivity Checks: "clktick:GEN_10K"
 17. Post-Synthesis Netlist Statistics for Top Partition
 18. Elapsed Time Per Partition
 19. Analysis & Synthesis Messages



----------------
; Legal Notice ;
----------------
Copyright (C) 2018  Intel Corporation. All rights reserved.
Your use of Intel Corporation's design tools, logic functions 
and other software and tools, and its AMPP partner logic 
functions, and any output files from any of the foregoing 
(including device programming or simulation files), and any 
associated documentation or information are expressly subject 
to the terms and conditions of the Intel Program License 
Subscription Agreement, the Intel Quartus Prime License Agreement,
the Intel FPGA IP License Agreement, or other applicable license
agreement, including, without limitation, that your use is for
the sole purpose of programming logic devices manufactured by
Intel and sold by Intel or its authorized distributors.  Please
refer to the applicable agreement for further details.



+--------------------------------------------------------------------------------------+
; Analysis & Synthesis Summary                                                         ;
+------------------------------------+-------------------------------------------------+
; Analysis & Synthesis Status        ; Successful - Mon Dec 07 11:32:34 2020           ;
; Quartus Prime Version              ; 18.1.0 Build 625 09/12/2018 SJ Standard Edition ;
; Revision Name                      ; lab7task1                                       ;
; Top-level Entity Name              ; lab7task1                                       ;
; Family                             ; MAX 10                                          ;
; Total logic elements               ; 83                                              ;
;     Total combinational functions  ; 75                                              ;
;     Dedicated logic registers      ; 55                                              ;
; Total registers                    ; 55                                              ;
; Total pins                         ; 4                                               ;
; Total virtual pins                 ; 0                                               ;
; Total memory bits                  ; 0                                               ;
; Embedded Multiplier 9-bit elements ; 0                                               ;
; Total PLLs                         ; 0                                               ;
; UFM blocks                         ; 0                                               ;
; ADC blocks                         ; 0                                               ;
+------------------------------------+-------------------------------------------------+


+------------------------------------------------------------------------------------------------------------+
; Analysis & Synthesis Settings                                                                              ;
+------------------------------------------------------------------+--------------------+--------------------+
; Option                                                           ; Setting            ; Default Value      ;
+------------------------------------------------------------------+--------------------+--------------------+
; Device                                                           ; 10M50DAF484C7G     ;                    ;
; Top-level entity name                                            ; lab7task1          ; lab7task1          ;
; Family name                                                      ; MAX 10             ; Cyclone V          ;
; Use smart compilation                                            ; Off                ; Off                ;
; Enable parallel Assembler and Timing Analyzer during compilation ; On                 ; On                 ;
; Enable compact report table                                      ; Off                ; Off                ;
; Restructure Multiplexers                                         ; Auto               ; Auto               ;
; Create Debugging Nodes for IP Cores                              ; Off                ; Off                ;
; Preserve fewer node names                                        ; On                 ; On                 ;
; Intel FPGA IP Evaluation Mode                                    ; Enable             ; Enable             ;
; Verilog Version                                                  ; Verilog_2001       ; Verilog_2001       ;
; VHDL Version                                                     ; VHDL_1993          ; VHDL_1993          ;
; State Machine Processing                                         ; Auto               ; Auto               ;
; Safe State Machine                                               ; Off                ; Off                ;
; Extract Verilog State Machines                                   ; On                 ; On                 ;
; Extract VHDL State Machines                                      ; On                 ; On                 ;
; Ignore Verilog initial constructs                                ; Off                ; Off                ;
; Iteration limit for constant Verilog loops                       ; 5000               ; 5000               ;
; Iteration limit for non-constant Verilog loops                   ; 250                ; 250                ;
; Add Pass-Through Logic to Inferred RAMs                          ; On                 ; On                 ;
; Infer RAMs from Raw Logic                                        ; On                 ; On                 ;
; Parallel Synthesis                                               ; On                 ; On                 ;
; DSP Block Balancing                                              ; Auto               ; Auto               ;
; NOT Gate Push-Back                                               ; On                 ; On                 ;
; Power-Up Don't Care                                              ; On                 ; On                 ;
; Remove Redundant Logic Cells                                     ; Off                ; Off                ;
; Remove Duplicate Registers                                       ; On                 ; On                 ;
; Ignore CARRY Buffers                                             ; Off                ; Off                ;
; Ignore CASCADE Buffers                                           ; Off                ; Off                ;
; Ignore GLOBAL Buffers                                            ; Off                ; Off                ;
; Ignore ROW GLOBAL Buffers                                        ; Off                ; Off                ;
; Ignore LCELL Buffers                                             ; Off                ; Off                ;
; Ignore SOFT Buffers                                              ; On                 ; On                 ;
; Limit AHDL Integers to 32 Bits                                   ; Off                ; Off                ;
; Optimization Technique                                           ; Balanced           ; Balanced           ;
; Carry Chain Length                                               ; 70                 ; 70                 ;
; Auto Carry Chains                                                ; On                 ; On                 ;
; Auto Open-Drain Pins                                             ; On                 ; On                 ;
; Perform WYSIWYG Primitive Resynthesis                            ; Off                ; Off                ;
; Auto ROM Replacement                                             ; On                 ; On                 ;
; Auto RAM Replacement                                             ; On                 ; On                 ;
; Auto DSP Block Replacement                                       ; On                 ; On                 ;
; Auto Shift Register Replacement                                  ; Auto               ; Auto               ;
; Allow Shift Register Merging across Hierarchies                  ; Auto               ; Auto               ;
; Auto Clock Enable Replacement                                    ; On                 ; On                 ;
; Strict RAM Replacement                                           ; Off                ; Off                ;
; Allow Synchronous Control Signals                                ; On                 ; On                 ;
; Force Use of Synchronous Clear Signals                           ; Off                ; Off                ;
; Auto RAM Block Balancing                                         ; On                 ; On                 ;
; Auto RAM to Logic Cell Conversion                                ; Off                ; Off                ;
; Auto Resource Sharing                                            ; Off                ; Off                ;
; Allow Any RAM Size For Recognition                               ; Off                ; Off                ;
; Allow Any ROM Size For Recognition                               ; Off                ; Off                ;
; Allow Any Shift Register Size For Recognition                    ; Off                ; Off                ;
; Use LogicLock Constraints during Resource Balancing              ; On                 ; On                 ;
; Ignore translate_off and synthesis_off directives                ; Off                ; Off                ;
; Timing-Driven Synthesis                                          ; On                 ; On                 ;
; Report Parameter Settings                                        ; On                 ; On                 ;
; Report Source Assignments                                        ; On                 ; On                 ;
; Report Connectivity Checks                                       ; On                 ; On                 ;
; Ignore Maximum Fan-Out Assignments                               ; Off                ; Off                ;
; Synchronization Register Chain Length                            ; 2                  ; 2                  ;
; Power Optimization During Synthesis                              ; Normal compilation ; Normal compilation ;
; HDL message level                                                ; Level2             ; Level2             ;
; Suppress Register Optimization Related Messages                  ; Off                ; Off                ;
; Number of Removed Registers Reported in Synthesis Report         ; 5000               ; 5000               ;
; Number of Swept Nodes Reported in Synthesis Report               ; 5000               ; 5000               ;
; Number of Inverted Registers Reported in Synthesis Report        ; 100                ; 100                ;
; Clock MUX Protection                                             ; On                 ; On                 ;
; Auto Gated Clock Conversion                                      ; Off                ; Off                ;
; Block Design Naming                                              ; Auto               ; Auto               ;
; SDC constraint protection                                        ; Off                ; Off                ;
; Synthesis Effort                                                 ; Auto               ; Auto               ;
; Shift Register Replacement - Allow Asynchronous Clear Signal     ; On                 ; On                 ;
; Pre-Mapping Resynthesis Optimization                             ; Off                ; Off                ;
; Analysis & Synthesis Message Level                               ; Medium             ; Medium             ;
; Disable Register Merging Across Hierarchies                      ; Auto               ; Auto               ;
; Resource Aware Inference For Block RAM                           ; On                 ; On                 ;
+------------------------------------------------------------------+--------------------+--------------------+


+------------------------------------------+
; Parallel Compilation                     ;
+----------------------------+-------------+
; Processors                 ; Number      ;
+----------------------------+-------------+
; Number detected on machine ; 12          ;
; Maximum allowed            ; 6           ;
;                            ;             ;
; Average used               ; 1.00        ;
; Maximum used               ; 6           ;
;                            ;             ;
; Usage by Processor         ; % Time Used ;
;     Processor 1            ; 100.0%      ;
;     Processors 2-6         ;   0.0%      ;
+----------------------------+-------------+


+-------------------------------------------------------------------------------------------------------------------------------------------------------------------------------------------------------------------------+
; Analysis & Synthesis Source Files Read                                                                                                                                                                                  ;
+----------------------------------+-----------------+------------------------+---------------------------------------------------------------------------------------------------------------------------------+---------+
; File Name with User-Entered Path ; Used in Netlist ; File Type              ; File Name with Absolute Path                                                                                                    ; Library ;
+----------------------------------+-----------------+------------------------+---------------------------------------------------------------------------------------------------------------------------------+---------+
; LFSR_7.v                         ; yes             ; User Verilog HDL File  ; C:/Users/huang/OneDrive - Imperial College London/circuit and system/FPGA lab bakup/E2_circuit_system/lab7/task1/LFSR_7.v       ;         ;
; lab7task1.v                      ; yes             ; User Verilog HDL File  ; C:/Users/huang/OneDrive - Imperial College London/circuit and system/FPGA lab bakup/E2_circuit_system/lab7/task1/lab7task1.v    ;         ;
; ../../mylib/spi2dac.v/spi2dac.v  ; yes             ; User Verilog HDL File  ; C:/Users/huang/OneDrive - Imperial College London/circuit and system/FPGA lab bakup/E2_circuit_system/mylib/spi2dac.v/spi2dac.v ;         ;
; ../../mylib/clktick.v            ; yes             ; User Verilog HDL File  ; C:/Users/huang/OneDrive - Imperial College London/circuit and system/FPGA lab bakup/E2_circuit_system/mylib/clktick.v           ;         ;
+----------------------------------+-----------------+------------------------+---------------------------------------------------------------------------------------------------------------------------------+---------+


+-------------------------------------------------------------------+
; Analysis & Synthesis Resource Usage Summary                       ;
+---------------------------------------------+---------------------+
; Resource                                    ; Usage               ;
+---------------------------------------------+---------------------+
; Estimated Total logic elements              ; 83                  ;
;                                             ;                     ;
; Total combinational functions               ; 75                  ;
; Logic element usage by number of LUT inputs ;                     ;
;     -- 4 input functions                    ; 26                  ;
;     -- 3 input functions                    ; 12                  ;
;     -- <=2 input functions                  ; 37                  ;
;                                             ;                     ;
; Logic elements by mode                      ;                     ;
;     -- normal mode                          ; 52                  ;
;     -- arithmetic mode                      ; 23                  ;
;                                             ;                     ;
; Total registers                             ; 55                  ;
;     -- Dedicated logic registers            ; 55                  ;
;     -- I/O registers                        ; 0                   ;
;                                             ;                     ;
; I/O pins                                    ; 4                   ;
;                                             ;                     ;
; Embedded Multiplier 9-bit elements          ; 0                   ;
;                                             ;                     ;
; Maximum fan-out node                        ; MAX10_CLK1_50~input ;
; Maximum fan-out                             ; 36                  ;
; Total fan-out                               ; 337                 ;
; Average fan-out                             ; 2.44                ;
+---------------------------------------------+---------------------+


+-------------------------------------------------------------------------------------------------------------------------------------------------------------------------------------------------------------------------------------------+
; Analysis & Synthesis Resource Utilization by Entity                                                                                                                                                                                       ;
+----------------------------+---------------------+---------------------------+-------------+------------+--------------+---------+-----------+------+--------------+------------+----------------------------+-------------+--------------+
; Compilation Hierarchy Node ; Combinational ALUTs ; Dedicated Logic Registers ; Memory Bits ; UFM Blocks ; DSP Elements ; DSP 9x9 ; DSP 18x18 ; Pins ; Virtual Pins ; ADC blocks ; Full Hierarchy Name        ; Entity Name ; Library Name ;
+----------------------------+---------------------+---------------------------+-------------+------------+--------------+---------+-----------+------+--------------+------------+----------------------------+-------------+--------------+
; |lab7task1                 ; 75 (0)              ; 55 (0)                    ; 0           ; 0          ; 0            ; 0       ; 0         ; 4    ; 0            ; 0          ; |lab7task1                 ; lab7task1   ; work         ;
;    |LFSR_10:psrb|          ; 2 (2)               ; 10 (10)                   ; 0           ; 0          ; 0            ; 0       ; 0         ; 0    ; 0            ; 0          ; |lab7task1|LFSR_10:psrb    ; LFSR_10     ; work         ;
;    |clktick:GEN_10K|       ; 29 (29)             ; 17 (17)                   ; 0           ; 0          ; 0            ; 0       ; 0         ; 0    ; 0            ; 0          ; |lab7task1|clktick:GEN_10K ; clktick     ; work         ;
;    |spi2dac:dac|           ; 44 (44)             ; 28 (28)                   ; 0           ; 0          ; 0            ; 0       ; 0         ; 0    ; 0            ; 0          ; |lab7task1|spi2dac:dac     ; spi2dac     ; work         ;
+----------------------------+---------------------+---------------------------+-------------+------------+--------------+---------+-----------+------+--------------+------------+----------------------------+-------------+--------------+
Note: For table entries with two numbers listed, the numbers in parentheses indicate the number of resources of the given type used by the specific entity alone. The numbers listed outside of parentheses indicate the total resources of the given type used by the specific entity and all of its sub-entities in the hierarchy.


Encoding Type:  One-Hot
+------------------------------------------------------------------------------------------+
; State Machine - |lab7task1|spi2dac:dac|sr_state                                          ;
+------------------------+---------------+------------------------+------------------------+
; Name                   ; sr_state.IDLE ; sr_state.WAIT_CSB_HIGH ; sr_state.WAIT_CSB_FALL ;
+------------------------+---------------+------------------------+------------------------+
; sr_state.IDLE          ; 0             ; 0                      ; 0                      ;
; sr_state.WAIT_CSB_FALL ; 1             ; 0                      ; 1                      ;
; sr_state.WAIT_CSB_HIGH ; 1             ; 1                      ; 0                      ;
+------------------------+---------------+------------------------+------------------------+


+--------------------------------------------------------------------------------+
; Registers Removed During Synthesis                                             ;
+---------------------------------------+----------------------------------------+
; Register name                         ; Reason for Removal                     ;
+---------------------------------------+----------------------------------------+
; spi2dac:dac|shift_reg[0,1]            ; Stuck at GND due to stuck port data_in ;
; Total Number of Removed Registers = 2 ;                                        ;
+---------------------------------------+----------------------------------------+


+-----------------------------------------------------------------------------------------------+
; Removed Registers Triggering Further Register Optimizations                                   ;
+--------------------------+---------------------------+----------------------------------------+
; Register name            ; Reason for Removal        ; Registers Removed due to This Register ;
+--------------------------+---------------------------+----------------------------------------+
; spi2dac:dac|shift_reg[0] ; Stuck at GND              ; spi2dac:dac|shift_reg[1]               ;
;                          ; due to stuck port data_in ;                                        ;
+--------------------------+---------------------------+----------------------------------------+


+------------------------------------------------------+
; General Register Statistics                          ;
+----------------------------------------------+-------+
; Statistic                                    ; Value ;
+----------------------------------------------+-------+
; Total registers                              ; 55    ;
; Number of registers using Synchronous Clear  ; 0     ;
; Number of registers using Synchronous Load   ; 0     ;
; Number of registers using Asynchronous Clear ; 0     ;
; Number of registers using Asynchronous Load  ; 0     ;
; Number of registers using Clock Enable       ; 10    ;
; Number of registers using Preset             ; 0     ;
+----------------------------------------------+-------+


+--------------------------------------------------+
; Inverted Register Statistics                     ;
+----------------------------------------+---------+
; Inverted Register                      ; Fan out ;
+----------------------------------------+---------+
; LFSR_10:psrb|sreg[0]                   ; 2       ;
; Total number of inverted registers = 1 ;         ;
+----------------------------------------+---------+


+------------------------------------------------------------------------------------------------------------------------------------------------+
; Multiplexer Restructuring Statistics (Restructuring Performed)                                                                                 ;
+--------------------+-----------+---------------+----------------------+------------------------+------------+----------------------------------+
; Multiplexer Inputs ; Bus Width ; Baseline Area ; Area if Restructured ; Saving if Restructured ; Registered ; Example Multiplexer Output       ;
+--------------------+-----------+---------------+----------------------+------------------------+------------+----------------------------------+
; 6:1                ; 3 bits    ; 12 LEs        ; 6 LEs                ; 6 LEs                  ; No         ; |lab7task1|spi2dac:dac|Selector0 ;
+--------------------+-----------+---------------+----------------------+------------------------+------------+----------------------------------+


+--------------------------------------------------------------+
; Parameter Settings for User Entity Instance: clktick:GEN_10K ;
+----------------+-------+-------------------------------------+
; Parameter Name ; Value ; Type                                ;
+----------------+-------+-------------------------------------+
; N_BIT          ; 16    ; Signed Integer                      ;
+----------------+-------+-------------------------------------+
Note: In order to hide this table in the UI and the text report file, please set the "Show Parameter Settings in Synthesis Report" option in "Analysis and Synthesis Settings -> More Settings" to "Off".


+----------------------------------------------------------+
; Parameter Settings for User Entity Instance: spi2dac:dac ;
+----------------+-------+---------------------------------+
; Parameter Name ; Value ; Type                            ;
+----------------+-------+---------------------------------+
; BUF            ; 1     ; Unsigned Binary                 ;
; GA_N           ; 1     ; Unsigned Binary                 ;
; SHDN_N         ; 1     ; Unsigned Binary                 ;
; TC             ; 11000 ; Unsigned Binary                 ;
; IDLE           ; 00    ; Unsigned Binary                 ;
; WAIT_CSB_FALL  ; 01    ; Unsigned Binary                 ;
; WAIT_CSB_HIGH  ; 10    ; Unsigned Binary                 ;
+----------------+-------+---------------------------------+
Note: In order to hide this table in the UI and the text report file, please set the "Show Parameter Settings in Synthesis Report" option in "Analysis and Synthesis Settings -> More Settings" to "Off".


+---------------------------------------------+
; Port Connectivity Checks: "clktick:GEN_10K" ;
+-----------+-------+----------+--------------+
; Port      ; Type  ; Severity ; Details      ;
+-----------+-------+----------+--------------+
; N[9..5]   ; Input ; Info     ; Stuck at VCC ;
; N[2..0]   ; Input ; Info     ; Stuck at VCC ;
; N[15..10] ; Input ; Info     ; Stuck at GND ;
; N[4..3]   ; Input ; Info     ; Stuck at GND ;
; enable    ; Input ; Info     ; Stuck at VCC ;
+-----------+-------+----------+--------------+


+-----------------------------------------------------+
; Post-Synthesis Netlist Statistics for Top Partition ;
+-----------------------+-----------------------------+
; Type                  ; Count                       ;
+-----------------------+-----------------------------+
; boundary_port         ; 4                           ;
; cycloneiii_ff         ; 55                          ;
;     ENA               ; 10                          ;
;     plain             ; 45                          ;
; cycloneiii_lcell_comb ; 77                          ;
;     arith             ; 23                          ;
;         2 data inputs ; 23                          ;
;     normal            ; 54                          ;
;         1 data inputs ; 6                           ;
;         2 data inputs ; 10                          ;
;         3 data inputs ; 12                          ;
;         4 data inputs ; 26                          ;
;                       ;                             ;
; Max LUT depth         ; 3.50                        ;
; Average LUT depth     ; 2.39                        ;
+-----------------------+-----------------------------+


+-------------------------------+
; Elapsed Time Per Partition    ;
+----------------+--------------+
; Partition Name ; Elapsed Time ;
+----------------+--------------+
; Top            ; 00:00:00     ;
+----------------+--------------+


+-------------------------------+
; Analysis & Synthesis Messages ;
+-------------------------------+
Info: *******************************************************************
Info: Running Quartus Prime Analysis & Synthesis
    Info: Version 18.1.0 Build 625 09/12/2018 SJ Standard Edition
    Info: Processing started: Mon Dec 07 11:32:23 2020
Info: Command: quartus_map --read_settings_files=on --write_settings_files=off lab7task1 -c lab7task1
Warning (18236): Number of processors has not been specified which may cause overloading on shared machines.  Set the global assignment NUM_PARALLEL_PROCESSORS in your QSF to an appropriate value for best performance.
Info (20030): Parallel compilation is enabled and will use 6 of the 6 processors detected
Info (12021): Found 1 design units, including 1 entities, in source file lfsr_7.v
    Info (12023): Found entity 1: LFSR_10 File: C:/Users/huang/OneDrive - Imperial College London/circuit and system/FPGA lab bakup/E2_circuit_system/lab7/task1/LFSR_7.v Line: 1
Info (12021): Found 1 design units, including 1 entities, in source file lab7task1.v
    Info (12023): Found entity 1: lab7task1 File: C:/Users/huang/OneDrive - Imperial College London/circuit and system/FPGA lab bakup/E2_circuit_system/lab7/task1/lab7task1.v Line: 1
Info (12021): Found 1 design units, including 1 entities, in source file /users/huang/onedrive - imperial college london/circuit and system/fpga lab bakup/e2_circuit_system/mylib/spi2dac.v/spi2dac.v
    Info (12023): Found entity 1: spi2dac File: C:/Users/huang/OneDrive - Imperial College London/circuit and system/FPGA lab bakup/E2_circuit_system/mylib/spi2dac.v/spi2dac.v Line: 9
Info (12021): Found 1 design units, including 1 entities, in source file /users/huang/onedrive - imperial college london/circuit and system/fpga lab bakup/e2_circuit_system/mylib/clktick.v
    Info (12023): Found entity 1: clktick File: C:/Users/huang/OneDrive - Imperial College London/circuit and system/FPGA lab bakup/E2_circuit_system/mylib/clktick.v Line: 1
Info (12127): Elaborating entity "lab7task1" for the top level hierarchy
Info (12128): Elaborating entity "clktick" for hierarchy "clktick:GEN_10K" File: C:/Users/huang/OneDrive - Imperial College London/circuit and system/FPGA lab bakup/E2_circuit_system/lab7/task1/lab7task1.v Line: 9
Info (12128): Elaborating entity "LFSR_10" for hierarchy "LFSR_10:psrb" File: C:/Users/huang/OneDrive - Imperial College London/circuit and system/FPGA lab bakup/E2_circuit_system/lab7/task1/lab7task1.v Line: 10
Info (12128): Elaborating entity "spi2dac" for hierarchy "spi2dac:dac" File: C:/Users/huang/OneDrive - Imperial College London/circuit and system/FPGA lab bakup/E2_circuit_system/lab7/task1/lab7task1.v Line: 11
Info (286030): Timing-Driven Synthesis is running
Info (16010): Generating hard_block partition "hard_block:auto_generated_inst"
    Info (16011): Adding 0 node(s), including 0 DDIO, 0 PLL, 0 transceiver and 0 LCELL
Info (21057): Implemented 88 device resources after synthesis - the final resource count might be different
    Info (21058): Implemented 1 input pins
    Info (21059): Implemented 3 output pins
    Info (21061): Implemented 84 logic cells
Info: Quartus Prime Analysis & Synthesis was successful. 0 errors, 1 warning
    Info: Peak virtual memory: 4792 megabytes
    Info: Processing ended: Mon Dec 07 11:32:34 2020
    Info: Elapsed time: 00:00:11
    Info: Total CPU time (on all processors): 00:00:22


